# ali-to-post "ark:gunzip -c exp/tri3b/ali.12.gz|" ark:- | gmm-acc-stats-twofeats exp/tri3b/35.mdl "ark,s,cs:apply-cmvn  --utt2spk=ark:data/train/split20/12/utt2spk scp:data/train/split20/12/cmvn.scp scp:data/train/split20/12/feats.scp ark:- | splice-feats --left-context=3 --right-context=3 ark:- ark:- | transform-feats exp/tri2b_ali_emma/final.mat ark:- ark:- | transform-feats --utt2spk=ark:data/train/split20/12/utt2spk ark:exp/tri3b/trans.12 ark:- ark:- |" "ark,s,cs:apply-cmvn  --utt2spk=ark:data/train/split20/12/utt2spk scp:data/train/split20/12/cmvn.scp scp:data/train/split20/12/feats.scp ark:- | splice-feats --left-context=3 --right-context=3 ark:- ark:- | transform-feats exp/tri2b_ali_emma/final.mat ark:- ark:- |" ark,s,cs:- exp/tri3b/35.12.acc 
# Started at Thu Aug 18 15:45:43 EDT 2016
#
ali-to-post 'ark:gunzip -c exp/tri3b/ali.12.gz|' ark:- 
gmm-acc-stats-twofeats exp/tri3b/35.mdl 'ark,s,cs:apply-cmvn  --utt2spk=ark:data/train/split20/12/utt2spk scp:data/train/split20/12/cmvn.scp scp:data/train/split20/12/feats.scp ark:- | splice-feats --left-context=3 --right-context=3 ark:- ark:- | transform-feats exp/tri2b_ali_emma/final.mat ark:- ark:- | transform-feats --utt2spk=ark:data/train/split20/12/utt2spk ark:exp/tri3b/trans.12 ark:- ark:- |' 'ark,s,cs:apply-cmvn  --utt2spk=ark:data/train/split20/12/utt2spk scp:data/train/split20/12/cmvn.scp scp:data/train/split20/12/feats.scp ark:- | splice-feats --left-context=3 --right-context=3 ark:- ark:- | transform-feats exp/tri2b_ali_emma/final.mat ark:- ark:- |' ark,s,cs:- exp/tri3b/35.12.acc 
splice-feats --left-context=3 --right-context=3 ark:- ark:- 
transform-feats --utt2spk=ark:data/train/split20/12/utt2spk ark:exp/tri3b/trans.12 ark:- ark:- 
transform-feats exp/tri2b_ali_emma/final.mat ark:- ark:- 
apply-cmvn --utt2spk=ark:data/train/split20/12/utt2spk scp:data/train/split20/12/cmvn.scp scp:data/train/split20/12/feats.scp ark:- 
apply-cmvn --utt2spk=ark:data/train/split20/12/utt2spk scp:data/train/split20/12/cmvn.scp scp:data/train/split20/12/feats.scp ark:- 
transform-feats exp/tri2b_ali_emma/final.mat ark:- ark:- 
splice-feats --left-context=3 --right-context=3 ark:- ark:- 
LOG (gmm-acc-stats-twofeats:main():gmm-acc-stats-twofeats.cc:140) Average like for this file is -42.8043 over 245 frames.
LOG (gmm-acc-stats-twofeats:main():gmm-acc-stats-twofeats.cc:140) Average like for this file is -43.7866 over 1061 frames.
LOG (gmm-acc-stats-twofeats:main():gmm-acc-stats-twofeats.cc:140) Average like for this file is -47.1812 over 1398 frames.
LOG (gmm-acc-stats-twofeats:main():gmm-acc-stats-twofeats.cc:140) Average like for this file is -46.5156 over 127 frames.
LOG (gmm-acc-stats-twofeats:main():gmm-acc-stats-twofeats.cc:140) Average like for this file is -46.9128 over 408 frames.
LOG (gmm-acc-stats-twofeats:main():gmm-acc-stats-twofeats.cc:140) Average like for this file is -32.9769 over 2918 frames.
LOG (gmm-acc-stats-twofeats:main():gmm-acc-stats-twofeats.cc:140) Average like for this file is -32.7349 over 10449 frames.
LOG (gmm-acc-stats-twofeats:main():gmm-acc-stats-twofeats.cc:140) Average like for this file is -37.254 over 2989 frames.
LOG (gmm-acc-stats-twofeats:main():gmm-acc-stats-twofeats.cc:140) Average like for this file is -44.6072 over 1499 frames.
LOG (gmm-acc-stats-twofeats:main():gmm-acc-stats-twofeats.cc:140) Average like for this file is -50.8616 over 135 frames.
LOG (gmm-acc-stats-twofeats:main():gmm-acc-stats-twofeats.cc:146) Avg like per frame so far is -36.3329
LOG (gmm-acc-stats-twofeats:main():gmm-acc-stats-twofeats.cc:140) Average like for this file is -48.1797 over 570 frames.
LOG (gmm-acc-stats-twofeats:main():gmm-acc-stats-twofeats.cc:140) Average like for this file is -41.0114 over 510 frames.
LOG (gmm-acc-stats-twofeats:main():gmm-acc-stats-twofeats.cc:140) Average like for this file is -41.5355 over 358 frames.
LOG (gmm-acc-stats-twofeats:main():gmm-acc-stats-twofeats.cc:140) Average like for this file is -40.2267 over 49 frames.
LOG (gmm-acc-stats-twofeats:main():gmm-acc-stats-twofeats.cc:140) Average like for this file is -44.9905 over 654 frames.
LOG (apply-cmvn:main():apply-cmvn.cc:146) Applied cepstral mean normalization to 21 utterances, errors on 0
LOG (ali-to-post:main():ali-to-post.cc:65) Converted 21 alignments.
LOG (gmm-acc-stats-twofeats:main():gmm-acc-stats-twofeats.cc:140) Average like for this file is -44.9645 over 943 frames.
LOG (apply-cmvn:main():apply-cmvn.cc:146) Applied cepstral mean normalization to 21 utterances, errors on 0
LOG (gmm-acc-stats-twofeats:main():gmm-acc-stats-twofeats.cc:140) Average like for this file is -39.2922 over 1270 frames.
LOG (gmm-acc-stats-twofeats:main():gmm-acc-stats-twofeats.cc:140) Average like for this file is -45.8672 over 778 frames.
LOG (transform-feats:main():transform-feats.cc:158) Overall average [pseudo-]logdet is -91.0564 over 28404 frames.
LOG (transform-feats:main():transform-feats.cc:161) Applied transform to 21 utterances; 0 had errors.
LOG (gmm-acc-stats-twofeats:main():gmm-acc-stats-twofeats.cc:140) Average like for this file is -46.5053 over 1490 frames.
LOG (transform-feats:main():transform-feats.cc:158) Overall average logdet is 2.4097 over 28404 frames.
LOG (transform-feats:main():transform-feats.cc:161) Applied transform to 21 utterances; 0 had errors.
LOG (transform-feats:main():transform-feats.cc:158) Overall average [pseudo-]logdet is -91.0564 over 28404 frames.
LOG (transform-feats:main():transform-feats.cc:161) Applied transform to 21 utterances; 0 had errors.
LOG (gmm-acc-stats-twofeats:main():gmm-acc-stats-twofeats.cc:140) Average like for this file is -38.0355 over 338 frames.
LOG (gmm-acc-stats-twofeats:main():gmm-acc-stats-twofeats.cc:146) Avg like per frame so far is -38.1741
LOG (gmm-acc-stats-twofeats:main():gmm-acc-stats-twofeats.cc:140) Average like for this file is -38.9066 over 215 frames.
LOG (gmm-acc-stats-twofeats:main():gmm-acc-stats-twofeats.cc:150) Done 21 files, 0 with no posteriors, 0 with no second features, 0 with other errors.
LOG (gmm-acc-stats-twofeats:main():gmm-acc-stats-twofeats.cc:155) Overall avg like per frame (Gaussian only) = -38.1796 over 28404 frames.
LOG (gmm-acc-stats-twofeats:main():gmm-acc-stats-twofeats.cc:163) Written accs.
# Accounting: time=7 threads=1
# Ended (code 0) at Thu Aug 18 15:45:50 EDT 2016, elapsed time 7 seconds
