# ali-to-post "ark:gunzip -c exp/tri3b/ali.17.gz|" ark:- | gmm-acc-stats-twofeats exp/tri3b/35.mdl "ark,s,cs:apply-cmvn  --utt2spk=ark:data/train/split20/17/utt2spk scp:data/train/split20/17/cmvn.scp scp:data/train/split20/17/feats.scp ark:- | splice-feats --left-context=3 --right-context=3 ark:- ark:- | transform-feats exp/tri2b_ali_emma/final.mat ark:- ark:- | transform-feats --utt2spk=ark:data/train/split20/17/utt2spk ark:exp/tri3b/trans.17 ark:- ark:- |" "ark,s,cs:apply-cmvn  --utt2spk=ark:data/train/split20/17/utt2spk scp:data/train/split20/17/cmvn.scp scp:data/train/split20/17/feats.scp ark:- | splice-feats --left-context=3 --right-context=3 ark:- ark:- | transform-feats exp/tri2b_ali_emma/final.mat ark:- ark:- |" ark,s,cs:- exp/tri3b/35.17.acc 
# Started at Thu Aug 18 15:45:43 EDT 2016
#
gmm-acc-stats-twofeats exp/tri3b/35.mdl 'ark,s,cs:apply-cmvn  --utt2spk=ark:data/train/split20/17/utt2spk scp:data/train/split20/17/cmvn.scp scp:data/train/split20/17/feats.scp ark:- | splice-feats --left-context=3 --right-context=3 ark:- ark:- | transform-feats exp/tri2b_ali_emma/final.mat ark:- ark:- | transform-feats --utt2spk=ark:data/train/split20/17/utt2spk ark:exp/tri3b/trans.17 ark:- ark:- |' 'ark,s,cs:apply-cmvn  --utt2spk=ark:data/train/split20/17/utt2spk scp:data/train/split20/17/cmvn.scp scp:data/train/split20/17/feats.scp ark:- | splice-feats --left-context=3 --right-context=3 ark:- ark:- | transform-feats exp/tri2b_ali_emma/final.mat ark:- ark:- |' ark,s,cs:- exp/tri3b/35.17.acc 
ali-to-post 'ark:gunzip -c exp/tri3b/ali.17.gz|' ark:- 
apply-cmvn --utt2spk=ark:data/train/split20/17/utt2spk scp:data/train/split20/17/cmvn.scp scp:data/train/split20/17/feats.scp ark:- 
transform-feats --utt2spk=ark:data/train/split20/17/utt2spk ark:exp/tri3b/trans.17 ark:- ark:- 
splice-feats --left-context=3 --right-context=3 ark:- ark:- 
transform-feats exp/tri2b_ali_emma/final.mat ark:- ark:- 
apply-cmvn --utt2spk=ark:data/train/split20/17/utt2spk scp:data/train/split20/17/cmvn.scp scp:data/train/split20/17/feats.scp ark:- 
transform-feats exp/tri2b_ali_emma/final.mat ark:- ark:- 
splice-feats --left-context=3 --right-context=3 ark:- ark:- 
LOG (gmm-acc-stats-twofeats:main():gmm-acc-stats-twofeats.cc:140) Average like for this file is -46.3947 over 669 frames.
LOG (gmm-acc-stats-twofeats:main():gmm-acc-stats-twofeats.cc:140) Average like for this file is -43.7195 over 30 frames.
LOG (gmm-acc-stats-twofeats:main():gmm-acc-stats-twofeats.cc:140) Average like for this file is -49.6216 over 107 frames.
LOG (gmm-acc-stats-twofeats:main():gmm-acc-stats-twofeats.cc:140) Average like for this file is -43.119 over 1152 frames.
LOG (gmm-acc-stats-twofeats:main():gmm-acc-stats-twofeats.cc:140) Average like for this file is -45.8693 over 477 frames.
LOG (ali-to-post:main():ali-to-post.cc:65) Converted 21 alignments.
LOG (gmm-acc-stats-twofeats:main():gmm-acc-stats-twofeats.cc:140) Average like for this file is -45.2372 over 50 frames.
LOG (gmm-acc-stats-twofeats:main():gmm-acc-stats-twofeats.cc:140) Average like for this file is -41.6748 over 65 frames.
LOG (gmm-acc-stats-twofeats:main():gmm-acc-stats-twofeats.cc:140) Average like for this file is -44.1892 over 1239 frames.
LOG (gmm-acc-stats-twofeats:main():gmm-acc-stats-twofeats.cc:140) Average like for this file is -45.1131 over 135 frames.
LOG (apply-cmvn:main():apply-cmvn.cc:146) Applied cepstral mean normalization to 21 utterances, errors on 0
LOG (gmm-acc-stats-twofeats:main():gmm-acc-stats-twofeats.cc:140) Average like for this file is -6.84535 over 20 frames.
LOG (gmm-acc-stats-twofeats:main():gmm-acc-stats-twofeats.cc:146) Avg like per frame so far is -44.4118
LOG (gmm-acc-stats-twofeats:main():gmm-acc-stats-twofeats.cc:140) Average like for this file is -43.3508 over 316 frames.
LOG (gmm-acc-stats-twofeats:main():gmm-acc-stats-twofeats.cc:140) Average like for this file is -37.238 over 90 frames.
LOG (apply-cmvn:main():apply-cmvn.cc:146) Applied cepstral mean normalization to 21 utterances, errors on 0
LOG (gmm-acc-stats-twofeats:main():gmm-acc-stats-twofeats.cc:140) Average like for this file is -36.6864 over 242 frames.
LOG (gmm-acc-stats-twofeats:main():gmm-acc-stats-twofeats.cc:140) Average like for this file is -46.4026 over 288 frames.
LOG (gmm-acc-stats-twofeats:main():gmm-acc-stats-twofeats.cc:140) Average like for this file is -44.8711 over 898 frames.
LOG (gmm-acc-stats-twofeats:main():gmm-acc-stats-twofeats.cc:140) Average like for this file is -49.7836 over 204 frames.
LOG (gmm-acc-stats-twofeats:main():gmm-acc-stats-twofeats.cc:140) Average like for this file is -48.1772 over 333 frames.
LOG (transform-feats:main():transform-feats.cc:158) Overall average [pseudo-]logdet is -91.0564 over 7312 frames.
LOG (transform-feats:main():transform-feats.cc:161) Applied transform to 21 utterances; 0 had errors.
LOG (gmm-acc-stats-twofeats:main():gmm-acc-stats-twofeats.cc:140) Average like for this file is -36.7754 over 221 frames.
LOG (gmm-acc-stats-twofeats:main():gmm-acc-stats-twofeats.cc:140) Average like for this file is -48.137 over 271 frames.
LOG (transform-feats:main():transform-feats.cc:158) Overall average logdet is 3.43666 over 7312 frames.
LOG (transform-feats:main():transform-feats.cc:158) Overall average [pseudo-]logdet is -91.0564 over 7312 frames.
LOG (transform-feats:main():transform-feats.cc:161) Applied transform to 21 utterances; 0 had errors.
LOG (transform-feats:main():transform-feats.cc:161) Applied transform to 21 utterances; 0 had errors.
LOG (gmm-acc-stats-twofeats:main():gmm-acc-stats-twofeats.cc:140) Average like for this file is -43.2971 over 297 frames.
LOG (gmm-acc-stats-twofeats:main():gmm-acc-stats-twofeats.cc:146) Avg like per frame so far is -44.338
LOG (gmm-acc-stats-twofeats:main():gmm-acc-stats-twofeats.cc:140) Average like for this file is -44.4333 over 208 frames.
LOG (gmm-acc-stats-twofeats:main():gmm-acc-stats-twofeats.cc:150) Done 21 files, 0 with no posteriors, 0 with no second features, 0 with other errors.
LOG (gmm-acc-stats-twofeats:main():gmm-acc-stats-twofeats.cc:155) Overall avg like per frame (Gaussian only) = -44.3407 over 7312 frames.
LOG (gmm-acc-stats-twofeats:main():gmm-acc-stats-twofeats.cc:163) Written accs.
# Accounting: time=6 threads=1
# Ended (code 0) at Thu Aug 18 15:45:49 EDT 2016, elapsed time 6 seconds
