# ali-to-post "ark:gunzip -c exp/tri3b/ali.18.gz|" ark:- | gmm-acc-stats-twofeats exp/tri3b/35.mdl "ark,s,cs:apply-cmvn  --utt2spk=ark:data/train/split20/18/utt2spk scp:data/train/split20/18/cmvn.scp scp:data/train/split20/18/feats.scp ark:- | splice-feats --left-context=3 --right-context=3 ark:- ark:- | transform-feats exp/tri2b_ali_emma/final.mat ark:- ark:- | transform-feats --utt2spk=ark:data/train/split20/18/utt2spk ark:exp/tri3b/trans.18 ark:- ark:- |" "ark,s,cs:apply-cmvn  --utt2spk=ark:data/train/split20/18/utt2spk scp:data/train/split20/18/cmvn.scp scp:data/train/split20/18/feats.scp ark:- | splice-feats --left-context=3 --right-context=3 ark:- ark:- | transform-feats exp/tri2b_ali_emma/final.mat ark:- ark:- |" ark,s,cs:- exp/tri3b/35.18.acc 
# Started at Thu Aug 18 15:45:43 EDT 2016
#
gmm-acc-stats-twofeats exp/tri3b/35.mdl 'ark,s,cs:apply-cmvn  --utt2spk=ark:data/train/split20/18/utt2spk scp:data/train/split20/18/cmvn.scp scp:data/train/split20/18/feats.scp ark:- | splice-feats --left-context=3 --right-context=3 ark:- ark:- | transform-feats exp/tri2b_ali_emma/final.mat ark:- ark:- | transform-feats --utt2spk=ark:data/train/split20/18/utt2spk ark:exp/tri3b/trans.18 ark:- ark:- |' 'ark,s,cs:apply-cmvn  --utt2spk=ark:data/train/split20/18/utt2spk scp:data/train/split20/18/cmvn.scp scp:data/train/split20/18/feats.scp ark:- | splice-feats --left-context=3 --right-context=3 ark:- ark:- | transform-feats exp/tri2b_ali_emma/final.mat ark:- ark:- |' ark,s,cs:- exp/tri3b/35.18.acc 
ali-to-post 'ark:gunzip -c exp/tri3b/ali.18.gz|' ark:- 
splice-feats --left-context=3 --right-context=3 ark:- ark:- 
transform-feats exp/tri2b_ali_emma/final.mat ark:- ark:- 
transform-feats --utt2spk=ark:data/train/split20/18/utt2spk ark:exp/tri3b/trans.18 ark:- ark:- 
apply-cmvn --utt2spk=ark:data/train/split20/18/utt2spk scp:data/train/split20/18/cmvn.scp scp:data/train/split20/18/feats.scp ark:- 
transform-feats exp/tri2b_ali_emma/final.mat ark:- ark:- 
apply-cmvn --utt2spk=ark:data/train/split20/18/utt2spk scp:data/train/split20/18/cmvn.scp scp:data/train/split20/18/feats.scp ark:- 
splice-feats --left-context=3 --right-context=3 ark:- ark:- 
LOG (gmm-acc-stats-twofeats:main():gmm-acc-stats-twofeats.cc:140) Average like for this file is -46.5783 over 281 frames.
LOG (gmm-acc-stats-twofeats:main():gmm-acc-stats-twofeats.cc:140) Average like for this file is -42.433 over 191 frames.
LOG (gmm-acc-stats-twofeats:main():gmm-acc-stats-twofeats.cc:140) Average like for this file is -44.5762 over 231 frames.
LOG (gmm-acc-stats-twofeats:main():gmm-acc-stats-twofeats.cc:140) Average like for this file is -44.0283 over 814 frames.
LOG (gmm-acc-stats-twofeats:main():gmm-acc-stats-twofeats.cc:140) Average like for this file is -41.7411 over 122 frames.
LOG (gmm-acc-stats-twofeats:main():gmm-acc-stats-twofeats.cc:140) Average like for this file is -42.0331 over 969 frames.
LOG (gmm-acc-stats-twofeats:main():gmm-acc-stats-twofeats.cc:140) Average like for this file is -41.1924 over 522 frames.
LOG (gmm-acc-stats-twofeats:main():gmm-acc-stats-twofeats.cc:140) Average like for this file is -42.2745 over 351 frames.
LOG (gmm-acc-stats-twofeats:main():gmm-acc-stats-twofeats.cc:140) Average like for this file is -21.0676 over 102 frames.
LOG (gmm-acc-stats-twofeats:main():gmm-acc-stats-twofeats.cc:140) Average like for this file is -41.8852 over 2610 frames.
LOG (gmm-acc-stats-twofeats:main():gmm-acc-stats-twofeats.cc:146) Avg like per frame so far is -42.1382
LOG (gmm-acc-stats-twofeats:main():gmm-acc-stats-twofeats.cc:140) Average like for this file is -45.18 over 138 frames.
LOG (gmm-acc-stats-twofeats:main():gmm-acc-stats-twofeats.cc:140) Average like for this file is -49.9925 over 256 frames.
LOG (gmm-acc-stats-twofeats:main():gmm-acc-stats-twofeats.cc:140) Average like for this file is -38.8524 over 137 frames.
LOG (ali-to-post:main():ali-to-post.cc:65) Converted 21 alignments.
LOG (gmm-acc-stats-twofeats:main():gmm-acc-stats-twofeats.cc:140) Average like for this file is -38.9896 over 552 frames.
LOG (apply-cmvn:main():apply-cmvn.cc:146) Applied cepstral mean normalization to 21 utterances, errors on 0
LOG (gmm-acc-stats-twofeats:main():gmm-acc-stats-twofeats.cc:140) Average like for this file is -43.5349 over 1177 frames.
LOG (gmm-acc-stats-twofeats:main():gmm-acc-stats-twofeats.cc:140) Average like for this file is -48.8166 over 270 frames.
LOG (apply-cmvn:main():apply-cmvn.cc:146) Applied cepstral mean normalization to 21 utterances, errors on 0
LOG (gmm-acc-stats-twofeats:main():gmm-acc-stats-twofeats.cc:140) Average like for this file is -43.751 over 790 frames.
LOG (gmm-acc-stats-twofeats:main():gmm-acc-stats-twofeats.cc:140) Average like for this file is -41.5374 over 227 frames.
LOG (transform-feats:main():transform-feats.cc:158) Overall average [pseudo-]logdet is -91.0564 over 11792 frames.
LOG (transform-feats:main():transform-feats.cc:161) Applied transform to 21 utterances; 0 had errors.
LOG (gmm-acc-stats-twofeats:main():gmm-acc-stats-twofeats.cc:140) Average like for this file is -42.8315 over 249 frames.
LOG (gmm-acc-stats-twofeats:main():gmm-acc-stats-twofeats.cc:140) Average like for this file is -35.6762 over 177 frames.
LOG (gmm-acc-stats-twofeats:main():gmm-acc-stats-twofeats.cc:146) Avg like per frame so far is -42.5175
LOG (transform-feats:main():transform-feats.cc:158) Overall average logdet is 3.8582 over 11792 frames.
LOG (transform-feats:main():transform-feats.cc:161) Applied transform to 21 utterances; 0 had errors.
LOG (transform-feats:main():transform-feats.cc:158) Overall average [pseudo-]logdet is -91.0564 over 11792 frames.
LOG (transform-feats:main():transform-feats.cc:161) Applied transform to 21 utterances; 0 had errors.
LOG (gmm-acc-stats-twofeats:main():gmm-acc-stats-twofeats.cc:140) Average like for this file is -45.138 over 1626 frames.
LOG (gmm-acc-stats-twofeats:main():gmm-acc-stats-twofeats.cc:150) Done 21 files, 0 with no posteriors, 0 with no second features, 0 with other errors.
LOG (gmm-acc-stats-twofeats:main():gmm-acc-stats-twofeats.cc:155) Overall avg like per frame (Gaussian only) = -42.8788 over 11792 frames.
LOG (gmm-acc-stats-twofeats:main():gmm-acc-stats-twofeats.cc:163) Written accs.
# Accounting: time=7 threads=1
# Ended (code 0) at Thu Aug 18 15:45:50 EDT 2016, elapsed time 7 seconds
