# gmm-align-compiled --transition-scale=1.0 --acoustic-scale=0.1 --self-loop-scale=0.1 --beam=10 --retry-beam=40 --careful=false "gmm-boost-silence --boost=1.0 1 exp/tri3b/20.mdl - |" "ark:gunzip -c exp/tri3b/fsts.7.gz|" "ark,s,cs:apply-cmvn  --utt2spk=ark:data/train/split20/7/utt2spk scp:data/train/split20/7/cmvn.scp scp:data/train/split20/7/feats.scp ark:- | splice-feats --left-context=3 --right-context=3 ark:- ark:- | transform-feats exp/tri2b_ali_emma/final.mat ark:- ark:- | transform-feats --utt2spk=ark:data/train/split20/7/utt2spk ark:exp/tri3b/trans.7 ark:- ark:- |" "ark:|gzip -c >exp/tri3b/ali.7.gz" 
# Started at Thu Aug 18 15:43:16 EDT 2016
#
gmm-align-compiled --transition-scale=1.0 --acoustic-scale=0.1 --self-loop-scale=0.1 --beam=10 --retry-beam=40 --careful=false 'gmm-boost-silence --boost=1.0 1 exp/tri3b/20.mdl - |' 'ark:gunzip -c exp/tri3b/fsts.7.gz|' 'ark,s,cs:apply-cmvn  --utt2spk=ark:data/train/split20/7/utt2spk scp:data/train/split20/7/cmvn.scp scp:data/train/split20/7/feats.scp ark:- | splice-feats --left-context=3 --right-context=3 ark:- ark:- | transform-feats exp/tri2b_ali_emma/final.mat ark:- ark:- | transform-feats --utt2spk=ark:data/train/split20/7/utt2spk ark:exp/tri3b/trans.7 ark:- ark:- |' 'ark:|gzip -c >exp/tri3b/ali.7.gz' 
gmm-boost-silence --boost=1.0 1 exp/tri3b/20.mdl - 
WARNING (gmm-boost-silence:main():gmm-boost-silence.cc:82) The pdfs for the silence phones may be shared by other phones (note: this probably does not matter.)
LOG (gmm-boost-silence:main():gmm-boost-silence.cc:93) Boosted weights for 5 pdfs, by factor of 1
LOG (gmm-boost-silence:main():gmm-boost-silence.cc:103) Wrote model to -
transform-feats exp/tri2b_ali_emma/final.mat ark:- ark:- 
transform-feats --utt2spk=ark:data/train/split20/7/utt2spk ark:exp/tri3b/trans.7 ark:- ark:- 
apply-cmvn --utt2spk=ark:data/train/split20/7/utt2spk scp:data/train/split20/7/cmvn.scp scp:data/train/split20/7/feats.scp ark:- 
splice-feats --left-context=3 --right-context=3 ark:- ark:- 
LOG (apply-cmvn:main():apply-cmvn.cc:146) Applied cepstral mean normalization to 21 utterances, errors on 0
LOG (transform-feats:main():transform-feats.cc:158) Overall average [pseudo-]logdet is -91.0564 over 11088 frames.
LOG (transform-feats:main():transform-feats.cc:161) Applied transform to 21 utterances; 0 had errors.
LOG (transform-feats:main():transform-feats.cc:158) Overall average logdet is 2.56476 over 11088 frames.
LOG (transform-feats:main():transform-feats.cc:161) Applied transform to 21 utterances; 0 had errors.
LOG (gmm-align-compiled:main():gmm-align-compiled.cc:129) Overall log-likelihood per frame is -47.6803 over 11088 frames.
LOG (gmm-align-compiled:main():gmm-align-compiled.cc:131) Retried 0 out of 21 utterances.
LOG (gmm-align-compiled:main():gmm-align-compiled.cc:133) Done 21, errors on 0
# Accounting: time=6 threads=1
# Ended (code 0) at Thu Aug 18 15:43:22 EDT 2016, elapsed time 6 seconds
