# ali-to-post "ark:gunzip -c exp/tri3b/ali.1.gz|" ark:- | weight-silence-post 0.0 1:2:3:4:5 exp/tri3b/2.mdl ark:- ark:- | gmm-est-fmllr --fmllr-update-type=full --spk2utt=ark:data/train/split20/1/spk2utt exp/tri3b/2.mdl "ark,s,cs:apply-cmvn  --utt2spk=ark:data/train/split20/1/utt2spk scp:data/train/split20/1/cmvn.scp scp:data/train/split20/1/feats.scp ark:- | splice-feats --left-context=3 --right-context=3 ark:- ark:- | transform-feats exp/tri2b_ali_emma/final.mat ark:- ark:- | transform-feats --utt2spk=ark:data/train/split20/1/utt2spk ark,s,cs:exp/tri3b/trans.1 ark:- ark:- |" ark:- ark:exp/tri3b/tmp_trans.1 
# Started at Thu Aug 18 15:40:22 EDT 2016
#
weight-silence-post 0.0 1:2:3:4:5 exp/tri3b/2.mdl ark:- ark:- 
gmm-est-fmllr --fmllr-update-type=full --spk2utt=ark:data/train/split20/1/spk2utt exp/tri3b/2.mdl 'ark,s,cs:apply-cmvn  --utt2spk=ark:data/train/split20/1/utt2spk scp:data/train/split20/1/cmvn.scp scp:data/train/split20/1/feats.scp ark:- | splice-feats --left-context=3 --right-context=3 ark:- ark:- | transform-feats exp/tri2b_ali_emma/final.mat ark:- ark:- | transform-feats --utt2spk=ark:data/train/split20/1/utt2spk ark,s,cs:exp/tri3b/trans.1 ark:- ark:- |' ark:- ark:exp/tri3b/tmp_trans.1 
ali-to-post 'ark:gunzip -c exp/tri3b/ali.1.gz|' ark:- 
transform-feats exp/tri2b_ali_emma/final.mat ark:- ark:- 
splice-feats --left-context=3 --right-context=3 ark:- ark:- 
apply-cmvn --utt2spk=ark:data/train/split20/1/utt2spk scp:data/train/split20/1/cmvn.scp scp:data/train/split20/1/feats.scp ark:- 
transform-feats --utt2spk=ark:data/train/split20/1/utt2spk ark,s,cs:exp/tri3b/trans.1 ark:- ark:- 
LOG (ali-to-post:main():ali-to-post.cc:65) Converted 21 alignments.
LOG (weight-silence-post:main():weight-silence-post.cc:95) Done 21 posteriors.
WARNING (gmm-est-fmllr:main():gmm-est-fmllr.cc:118) Did not find posteriors for utterance ForcedAlignment_006
LOG (apply-cmvn:main():apply-cmvn.cc:146) Applied cepstral mean normalization to 22 utterances, errors on 0
LOG (transform-feats:main():transform-feats.cc:158) Overall average [pseudo-]logdet is -91.0564 over 12666 frames.
LOG (transform-feats:main():transform-feats.cc:161) Applied transform to 22 utterances; 0 had errors.
LOG (transform-feats:main():transform-feats.cc:158) Overall average logdet is 1.11232 over 12666 frames.
LOG (transform-feats:main():transform-feats.cc:161) Applied transform to 22 utterances; 0 had errors.
LOG (gmm-est-fmllr:ComputeFmllrMatrixDiagGmmFull():fmllr-diag-gmm.cc:262) fMLLR objf improvement is 0.271266 per frame over 11137 frames.
LOG (gmm-est-fmllr:main():gmm-est-fmllr.cc:143) For speaker ForcedAlignment, auxf-impr from fMLLR is 0.271266, over 11137 frames.
LOG (gmm-est-fmllr:main():gmm-est-fmllr.cc:188) Done 21 files, 1 with no posts, 0 with other errors.
LOG (gmm-est-fmllr:main():gmm-est-fmllr.cc:190) Overall fMLLR auxf impr per frame is 0.271266 over 11137 frames.
# Accounting: time=4 threads=1
# Ended (code 0) at Thu Aug 18 15:40:26 EDT 2016, elapsed time 4 seconds
