# ali-to-post "ark:gunzip -c exp/tri2b_ali_emma/ali.12.gz|" ark:- | weight-silence-post 0.0 1:2:3:4:5 exp/tri2b_ali_emma/final.mdl ark:- ark:- | gmm-est-fmllr --fmllr-update-type=full --spk2utt=ark:data/train/split20/12/spk2utt exp/tri2b_ali_emma/final.mdl "ark,s,cs:apply-cmvn  --utt2spk=ark:data/train/split20/12/utt2spk scp:data/train/split20/12/cmvn.scp scp:data/train/split20/12/feats.scp ark:- | splice-feats --left-context=3 --right-context=3 ark:- ark:- | transform-feats exp/tri2b_ali_emma/final.mat ark:- ark:- |" ark:- ark:exp/tri3b/trans.12 
# Started at Thu Aug 18 15:39:32 EDT 2016
#
gmm-est-fmllr --fmllr-update-type=full --spk2utt=ark:data/train/split20/12/spk2utt exp/tri2b_ali_emma/final.mdl 'ark,s,cs:apply-cmvn  --utt2spk=ark:data/train/split20/12/utt2spk scp:data/train/split20/12/cmvn.scp scp:data/train/split20/12/feats.scp ark:- | splice-feats --left-context=3 --right-context=3 ark:- ark:- | transform-feats exp/tri2b_ali_emma/final.mat ark:- ark:- |' ark:- ark:exp/tri3b/trans.12 
ali-to-post 'ark:gunzip -c exp/tri2b_ali_emma/ali.12.gz|' ark:- 
weight-silence-post 0.0 1:2:3:4:5 exp/tri2b_ali_emma/final.mdl ark:- ark:- 
apply-cmvn --utt2spk=ark:data/train/split20/12/utt2spk scp:data/train/split20/12/cmvn.scp scp:data/train/split20/12/feats.scp ark:- 
splice-feats --left-context=3 --right-context=3 ark:- ark:- 
transform-feats exp/tri2b_ali_emma/final.mat ark:- ark:- 
LOG (ali-to-post:main():ali-to-post.cc:65) Converted 21 alignments.
LOG (weight-silence-post:main():weight-silence-post.cc:95) Done 21 posteriors.
LOG (apply-cmvn:main():apply-cmvn.cc:146) Applied cepstral mean normalization to 21 utterances, errors on 0
LOG (transform-feats:main():transform-feats.cc:158) Overall average [pseudo-]logdet is -91.0564 over 28404 frames.
LOG (transform-feats:main():transform-feats.cc:161) Applied transform to 21 utterances; 0 had errors.
LOG (gmm-est-fmllr:ComputeFmllrMatrixDiagGmmFull():fmllr-diag-gmm.cc:262) fMLLR objf improvement is 2.80659 per frame over 26651 frames.
LOG (gmm-est-fmllr:main():gmm-est-fmllr.cc:143) For speaker ForcedAlignment, auxf-impr from fMLLR is 2.80659, over 26651 frames.
LOG (gmm-est-fmllr:main():gmm-est-fmllr.cc:188) Done 21 files, 0 with no posts, 0 with other errors.
LOG (gmm-est-fmllr:main():gmm-est-fmllr.cc:190) Overall fMLLR auxf impr per frame is 2.80659 over 26651 frames.
# Accounting: time=7 threads=1
# Ended (code 0) at Thu Aug 18 15:39:39 EDT 2016, elapsed time 7 seconds
