gmm-init-model --write-occs=exp/tri3b/1.occs exp/tri3b/tree exp/tri3b/treeacc data/lang/topo exp/tri3b/1.mdl 
LOG (gmm-init-model:main():gmm-init-model.cc:271) Number of separate statistics is 37736
WARNING (gmm-init-model:InitAmGmm():gmm-init-model.cc:83) Very small count for state 2: 66; corresponding phone list: 10 11 12 13 14 15 16 17 18 19 20 21 22 23 24 25 
WARNING (gmm-init-model:InitAmGmm():gmm-init-model.cc:83) Very small count for state 3: 65; corresponding phone list: 26 27 28 29 
WARNING (gmm-init-model:InitAmGmm():gmm-init-model.cc:83) Very small count for state 7: 59; corresponding phone list: 42 43 44 45 
WARNING (gmm-init-model:InitAmGmm():gmm-init-model.cc:83) Very small count for state 9: 36; corresponding phone list: 62 63 64 65 66 67 68 69 70 71 72 73 74 75 76 77 
WARNING (gmm-init-model:InitAmGmm():gmm-init-model.cc:83) Very small count for state 10: 84; corresponding phone list: 78 79 80 81 
WARNING (gmm-init-model:InitAmGmm():gmm-init-model.cc:83) Very small count for state 13: 19; corresponding phone list: 90 91 92 93 94 95 96 97 98 99 100 101 102 103 104 105 
WARNING (gmm-init-model:InitAmGmm():gmm-init-model.cc:83) Very small count for state 16: 22; corresponding phone list: 114 115 116 117 118 119 120 121 122 123 124 125 126 127 128 129 
WARNING (gmm-init-model:InitAmGmm():gmm-init-model.cc:83) Very small count for state 18: 28; corresponding phone list: 134 135 136 137 
WARNING (gmm-init-model:InitAmGmm():gmm-init-model.cc:83) Very small count for state 19: 28; corresponding phone list: 138 139 140 141 
WARNING (gmm-init-model:InitAmGmm():gmm-init-model.cc:83) Very small count for state 21: 68; corresponding phone list: 146 147 148 149 150 151 152 153 154 155 156 157 158 159 160 161 
WARNING (gmm-init-model:InitAmGmm():gmm-init-model.cc:83) Very small count for state 26: 30; corresponding phone list: 202 203 204 205 206 207 208 209 210 211 212 213 214 215 216 217 
WARNING (gmm-init-model:InitAmGmm():gmm-init-model.cc:83) Very small count for state 33: 40; corresponding phone list: 266 267 268 269 270 271 272 273 274 275 276 277 278 279 280 281 
WARNING (gmm-init-model:InitAmGmm():gmm-init-model.cc:83) Very small count for state 41: 17; corresponding phone list: 226 227 228 229 
WARNING (gmm-init-model:InitAmGmm():gmm-init-model.cc:83) Very small count for state 43: 89; corresponding phone list: 230 231 232 233 234 235 236 237 238 239 240 241 242 243 244 245 
WARNING (gmm-init-model:InitAmGmm():gmm-init-model.cc:83) Very small count for state 54: 21; corresponding phone list: 30 31 32 33 
WARNING (gmm-init-model:InitAmGmm():gmm-init-model.cc:83) Very small count for state 55: 98; corresponding phone list: 250 251 252 253 254 255 256 257 258 259 260 261 262 263 264 265 
WARNING (gmm-init-model:InitAmGmm():gmm-init-model.cc:83) Very small count for state 60: 53; corresponding phone list: 90 91 92 93 94 95 96 97 98 99 100 101 102 103 104 105 
WARNING (gmm-init-model:InitAmGmm():gmm-init-model.cc:83) Very small count for state 62: 94; corresponding phone list: 234 235 236 237 
WARNING (gmm-init-model:InitAmGmm():gmm-init-model.cc:83) Very small count for state 65: 47; corresponding phone list: 250 251 252 253 254 255 256 257 258 259 260 261 262 263 264 265 
WARNING (gmm-init-model:InitAmGmm():gmm-init-model.cc:83) Very small count for state 77: 81; corresponding phone list: 218 219 220 221 
WARNING (gmm-init-model:InitAmGmm():gmm-init-model.cc:83) Very small count for state 82: 30; corresponding phone list: 186 187 188 189 190 191 192 193 194 195 196 197 198 199 200 201 
WARNING (gmm-init-model:InitAmGmm():gmm-init-model.cc:83) Very small count for state 84: 67; corresponding phone list: 234 235 236 237 
WARNING (gmm-init-model:InitAmGmm():gmm-init-model.cc:83) Very small count for state 85: 77; corresponding phone list: 46 47 48 49 50 51 52 53 54 55 56 57 58 59 60 61 
WARNING (gmm-init-model:InitAmGmm():gmm-init-model.cc:83) Very small count for state 95: 99; corresponding phone list: 134 135 136 137 
WARNING (gmm-init-model:InitAmGmm():gmm-init-model.cc:83) Very small count for state 101: 27; corresponding phone list: 250 251 252 253 254 255 256 257 258 259 260 261 262 263 264 265 
WARNING (gmm-init-model:InitAmGmm():gmm-init-model.cc:83) Very small count for state 102: 59; corresponding phone list: 6 7 8 9 
WARNING (gmm-init-model:InitAmGmm():gmm-init-model.cc:83) Very small count for state 110: 37; corresponding phone list: 90 91 92 93 94 95 96 97 98 99 100 101 102 103 104 105 
WARNING (gmm-init-model:InitAmGmm():gmm-init-model.cc:83) Very small count for state 114: 20; corresponding phone list: 302 303 304 305 
WARNING (gmm-init-model:InitAmGmm():gmm-init-model.cc:83) Very small count for state 116: 83; corresponding phone list: 266 267 268 269 270 271 272 273 274 275 276 277 278 279 280 281 
WARNING (gmm-init-model:InitAmGmm():gmm-init-model.cc:83) Very small count for state 118: 99; corresponding phone list: 142 143 144 145 
WARNING (gmm-init-model:InitAmGmm():gmm-init-model.cc:83) Very small count for state 126: 65; corresponding phone list: 218 219 220 221 
WARNING (gmm-init-model:InitAmGmm():gmm-init-model.cc:83) Very small count for state 132: 88; corresponding phone list: 170 171 172 173 174 175 176 177 178 179 180 181 182 183 184 185 
WARNING (gmm-init-model:InitAmGmm():gmm-init-model.cc:83) Very small count for state 135: 42; corresponding phone list: 250 251 252 253 254 255 256 257 258 259 260 261 262 263 264 265 
WARNING (gmm-init-model:InitAmGmm():gmm-init-model.cc:83) Very small count for state 143: 98; corresponding phone list: 314 315 316 317 
WARNING (gmm-init-model:InitAmGmm():gmm-init-model.cc:83) Very small count for state 147: 18; corresponding phone list: 186 187 188 189 190 191 192 193 194 195 196 197 198 199 200 201 
WARNING (gmm-init-model:InitAmGmm():gmm-init-model.cc:83) Very small count for state 152: 14; corresponding phone list: 326 327 328 329 330 331 332 333 334 335 336 337 338 339 340 341 
WARNING (gmm-init-model:InitAmGmm():gmm-init-model.cc:83) Very small count for state 156: 68; corresponding phone list: 90 91 92 93 94 95 96 97 98 99 100 101 102 103 104 105 
WARNING (gmm-init-model:InitAmGmm():gmm-init-model.cc:83) Very small count for state 157: 81; corresponding phone list: 10 11 12 13 14 15 16 17 18 19 20 21 22 23 24 25 
WARNING (gmm-init-model:InitAmGmm():gmm-init-model.cc:83) Very small count for state 161: 14; corresponding phone list: 227 
WARNING (gmm-init-model:InitAmGmm():gmm-init-model.cc:83) Very small count for state 162: 82; corresponding phone list: 226 227 228 229 
WARNING (gmm-init-model:InitAmGmm():gmm-init-model.cc:83) Very small count for state 163: 31; corresponding phone list: 226 227 228 229 
WARNING (gmm-init-model:InitAmGmm():gmm-init-model.cc:83) Very small count for state 166: 65; corresponding phone list: 286 287 288 289 290 291 292 293 294 295 296 297 298 299 300 301 
WARNING (gmm-init-model:InitAmGmm():gmm-init-model.cc:83) Very small count for state 167: 51; corresponding phone list: 226 227 228 229 
WARNING (gmm-init-model:InitAmGmm():gmm-init-model.cc:83) Very small count for state 172: 95; corresponding phone list: 306 307 308 309 
WARNING (gmm-init-model:InitAmGmm():gmm-init-model.cc:83) Very small count for state 176: 52; corresponding phone list: 46 47 48 49 50 51 52 53 54 55 56 57 58 59 60 61 
WARNING (gmm-init-model:InitAmGmm():gmm-init-model.cc:83) Very small count for state 179: 27; corresponding phone list: 266 267 268 269 270 271 272 273 274 275 276 277 278 279 280 281 
WARNING (gmm-init-model:InitAmGmm():gmm-init-model.cc:83) Very small count for state 181: 95; corresponding phone list: 134 135 136 137 
WARNING (gmm-init-model:InitAmGmm():gmm-init-model.cc:83) Very small count for state 182: 81; corresponding phone list: 250 251 252 254 255 256 258 259 260 262 263 264 
WARNING (gmm-init-model:InitAmGmm():gmm-init-model.cc:83) Very small count for state 186: 84; corresponding phone list: 42 43 44 45 
WARNING (gmm-init-model:InitAmGmm():gmm-init-model.cc:83) Very small count for state 188: 32; corresponding phone list: 90 91 92 93 94 95 96 97 98 99 100 101 102 103 104 105 
WARNING (gmm-init-model:InitAmGmm():gmm-init-model.cc:83) Very small count for state 197: 72; corresponding phone list: 30 31 32 33 
WARNING (gmm-init-model:InitAmGmm():gmm-init-model.cc:83) Very small count for state 198: 51; corresponding phone list: 231 235 239 243 
WARNING (gmm-init-model:InitAmGmm():gmm-init-model.cc:83) Very small count for state 203: 22; corresponding phone list: 46 47 48 49 50 51 52 53 54 55 56 57 58 59 60 61 
WARNING (gmm-init-model:InitAmGmm():gmm-init-model.cc:83) Very small count for state 206: 49; corresponding phone list: 226 227 228 229 
WARNING (gmm-init-model:InitAmGmm():gmm-init-model.cc:83) Very small count for state 213: 75; corresponding phone list: 130 131 132 133 
WARNING (gmm-init-model:InitAmGmm():gmm-init-model.cc:83) Very small count for state 214: 47; corresponding phone list: 26 27 28 29 
WARNING (gmm-init-model:InitAmGmm():gmm-init-model.cc:83) Very small count for state 215: 49; corresponding phone list: 234 235 236 237 
WARNING (gmm-init-model:InitAmGmm():gmm-init-model.cc:83) Very small count for state 217: 14; corresponding phone list: 168 
WARNING (gmm-init-model:InitAmGmm():gmm-init-model.cc:83) Very small count for state 219: 89; corresponding phone list: 302 303 304 305 
WARNING (gmm-init-model:InitAmGmm():gmm-init-model.cc:83) Very small count for state 222: 76; corresponding phone list: 218 219 220 221 
WARNING (gmm-init-model:InitAmGmm():gmm-init-model.cc:83) Very small count for state 223: 96; corresponding phone list: 46 47 48 49 50 51 52 53 54 55 56 57 58 59 60 61 
WARNING (gmm-init-model:InitAmGmm():gmm-init-model.cc:83) Very small count for state 226: 67; corresponding phone list: 10 11 12 13 14 15 16 17 18 19 20 21 22 23 24 25 
WARNING (gmm-init-model:InitAmGmm():gmm-init-model.cc:83) Very small count for state 227: 56; corresponding phone list: 306 307 308 309 
WARNING (gmm-init-model:InitAmGmm():gmm-init-model.cc:83) Very small count for state 229: 16; corresponding phone list: 62 63 64 65 66 67 68 69 70 71 72 73 74 75 76 77 
WARNING (gmm-init-model:InitAmGmm():gmm-init-model.cc:83) Very small count for state 230: 24; corresponding phone list: 310 311 312 313 314 315 316 317 318 319 320 321 322 323 324 325 
WARNING (gmm-init-model:InitAmGmm():gmm-init-model.cc:83) Very small count for state 237: 15; corresponding phone list: 90 91 92 93 94 95 96 97 98 99 100 101 102 103 104 105 
WARNING (gmm-init-model:InitAmGmm():gmm-init-model.cc:83) Very small count for state 239: 31; corresponding phone list: 34 35 36 37 
WARNING (gmm-init-model:InitAmGmm():gmm-init-model.cc:83) Very small count for state 243: 48; corresponding phone list: 246 247 248 249 
WARNING (gmm-init-model:InitAmGmm():gmm-init-model.cc:83) Very small count for state 249: 24; corresponding phone list: 90 91 92 93 94 95 96 97 98 99 100 101 102 103 104 105 
WARNING (gmm-init-model:InitAmGmm():gmm-init-model.cc:83) Very small count for state 250: 32; corresponding phone list: 90 91 92 93 94 95 96 97 98 99 100 101 102 103 104 105 
WARNING (gmm-init-model:InitAmGmm():gmm-init-model.cc:83) Very small count for state 253: 36; corresponding phone list: 186 187 188 189 190 191 192 193 194 195 196 197 198 199 200 201 
WARNING (gmm-init-model:InitAmGmm():gmm-init-model.cc:83) Very small count for state 256: 97; corresponding phone list: 6 7 8 9 
WARNING (gmm-init-model:InitAmGmm():gmm-init-model.cc:83) Very small count for state 259: 10; corresponding phone list: 306 307 308 309 
WARNING (gmm-init-model:InitAmGmm():gmm-init-model.cc:83) Very small count for state 260: 99; corresponding phone list: 26 28 29 
WARNING (gmm-init-model:InitAmGmm():gmm-init-model.cc:83) Very small count for state 265: 33; corresponding phone list: 162 163 164 165 
WARNING (gmm-init-model:InitAmGmm():gmm-init-model.cc:83) Very small count for state 270: 63; corresponding phone list: 286 287 288 289 290 291 292 293 294 295 296 297 298 299 300 301 
WARNING (gmm-init-model:InitAmGmm():gmm-init-model.cc:83) Very small count for state 271: 57; corresponding phone list: 166 
WARNING (gmm-init-model:InitAmGmm():gmm-init-model.cc:83) Very small count for state 288: 98; corresponding phone list: 230 231 232 233 234 235 236 237 238 239 240 241 242 243 244 245 
WARNING (gmm-init-model:InitAmGmm():gmm-init-model.cc:83) Very small count for state 289: 32; corresponding phone list: 218 219 220 221 
WARNING (gmm-init-model:InitAmGmm():gmm-init-model.cc:83) Very small count for state 290: 81; corresponding phone list: 46 47 48 49 50 51 52 53 54 55 56 57 58 59 60 61 
WARNING (gmm-init-model:InitAmGmm():gmm-init-model.cc:83) Very small count for state 291: 34; corresponding phone list: 38 39 40 41 
WARNING (gmm-init-model:InitAmGmm():gmm-init-model.cc:83) Very small count for state 292: 24; corresponding phone list: 170 171 172 173 174 175 176 177 178 179 180 181 182 183 184 185 
WARNING (gmm-init-model:InitAmGmm():gmm-init-model.cc:83) Very small count for state 294: 99; corresponding phone list: 90 91 92 93 94 95 96 97 98 99 100 101 102 103 104 105 
WARNING (gmm-init-model:InitAmGmm():gmm-init-model.cc:83) Very small count for state 299: 54; corresponding phone list: 166 
WARNING (gmm-init-model:InitAmGmm():gmm-init-model.cc:83) Very small count for state 301: 94; corresponding phone list: 302 303 304 305 
WARNING (gmm-init-model:InitAmGmm():gmm-init-model.cc:83) Very small count for state 302: 58; corresponding phone list: 246 247 248 249 
WARNING (gmm-init-model:InitAmGmm():gmm-init-model.cc:83) Very small count for state 304: 23; corresponding phone list: 162 163 164 165 
WARNING (gmm-init-model:InitAmGmm():gmm-init-model.cc:83) Very small count for state 305: 69; corresponding phone list: 310 311 312 313 314 315 316 317 318 319 320 321 322 323 324 325 
WARNING (gmm-init-model:InitAmGmm():gmm-init-model.cc:83) Very small count for state 306: 31; corresponding phone list: 90 91 92 93 94 95 96 97 98 99 100 101 102 103 104 105 
WARNING (gmm-init-model:InitAmGmm():gmm-init-model.cc:83) Very small count for state 307: 32; corresponding phone list: 91 92 93 95 96 97 99 100 101 103 104 105 
WARNING (gmm-init-model:InitAmGmm():gmm-init-model.cc:83) Very small count for state 310: 8; corresponding phone list: 250 251 252 253 254 255 256 257 258 259 260 261 262 263 264 265 
WARNING (gmm-init-model:InitAmGmm():gmm-init-model.cc:83) Very small count for state 312: 60; corresponding phone list: 26 27 28 29 
WARNING (gmm-init-model:InitAmGmm():gmm-init-model.cc:83) Very small count for state 314: 77; corresponding phone list: 306 307 308 309 
WARNING (gmm-init-model:InitAmGmm():gmm-init-model.cc:83) Very small count for state 321: 92; corresponding phone list: 282 283 284 285 
WARNING (gmm-init-model:InitAmGmm():gmm-init-model.cc:83) Very small count for state 325: 15; corresponding phone list: 170 171 172 173 174 175 176 177 178 179 180 181 182 183 184 185 
WARNING (gmm-init-model:InitAmGmm():gmm-init-model.cc:83) Very small count for state 330: 56; corresponding phone list: 6 7 8 9 
WARNING (gmm-init-model:InitAmGmm():gmm-init-model.cc:83) Very small count for state 333: 8; corresponding phone list: 82 83 84 85 
WARNING (gmm-init-model:InitAmGmm():gmm-init-model.cc:83) Very small count for state 334: 52; corresponding phone list: 302 303 304 305 
WARNING (gmm-init-model:InitAmGmm():gmm-init-model.cc:83) Very small count for state 337: 95; corresponding phone list: 135 136 137 
WARNING (gmm-init-model:InitAmGmm():gmm-init-model.cc:83) Very small count for state 340: 14; corresponding phone list: 10 11 12 13 14 15 16 17 18 19 20 21 22 23 24 25 
WARNING (gmm-init-model:InitAmGmm():gmm-init-model.cc:83) Very small count for state 345: 52; corresponding phone list: 162 163 164 165 
WARNING (gmm-init-model:InitAmGmm():gmm-init-model.cc:83) Very small count for state 348: 94; corresponding phone list: 142 143 144 145 
WARNING (gmm-init-model:InitAmGmm():gmm-init-model.cc:83) Very small count for state 354: 94; corresponding phone list: 142 143 144 145 
WARNING (gmm-init-model:InitAmGmm():gmm-init-model.cc:83) Very small count for state 361: 38; corresponding phone list: 186 187 188 189 190 191 192 193 194 195 196 197 198 199 200 201 
WARNING (gmm-init-model:InitAmGmm():gmm-init-model.cc:83) Very small count for state 362: 52; corresponding phone list: 62 63 64 65 66 67 68 69 70 71 72 73 74 75 76 77 
WARNING (gmm-init-model:InitAmGmm():gmm-init-model.cc:83) Very small count for state 363: 37; corresponding phone list: 282 283 284 285 
WARNING (gmm-init-model:InitAmGmm():gmm-init-model.cc:83) Very small count for state 369: 78; corresponding phone list: 218 219 220 221 
WARNING (gmm-init-model:InitAmGmm():gmm-init-model.cc:83) Very small count for state 375: 93; corresponding phone list: 166 
WARNING (gmm-init-model:InitAmGmm():gmm-init-model.cc:83) Very small count for state 377: 86; corresponding phone list: 166 167 169 
WARNING (gmm-init-model:InitAmGmm():gmm-init-model.cc:83) Very small count for state 381: 39; corresponding phone list: 30 31 32 33 
WARNING (gmm-init-model:InitAmGmm():gmm-init-model.cc:83) Very small count for state 387: 64; corresponding phone list: 230 231 232 233 234 235 236 237 238 239 240 241 242 243 244 245 
WARNING (gmm-init-model:InitAmGmm():gmm-init-model.cc:83) Very small count for state 389: 99; corresponding phone list: 38 39 40 41 
WARNING (gmm-init-model:InitAmGmm():gmm-init-model.cc:83) Very small count for state 395: 20; corresponding phone list: 329 333 337 341 
WARNING (gmm-init-model:InitAmGmm():gmm-init-model.cc:83) Very small count for state 399: 22; corresponding phone list: 310 311 312 313 314 315 316 317 318 319 320 321 322 323 324 325 
WARNING (gmm-init-model:InitAmGmm():gmm-init-model.cc:83) Very small count for state 403: 32; corresponding phone list: 186 187 188 189 190 191 192 193 194 195 196 197 198 199 200 201 
WARNING (gmm-init-model:InitAmGmm():gmm-init-model.cc:83) Very small count for state 404: 90; corresponding phone list: 26 27 28 29 
WARNING (gmm-init-model:InitAmGmm():gmm-init-model.cc:83) Very small count for state 406: 26; corresponding phone list: 302 303 304 305 
WARNING (gmm-init-model:InitAmGmm():gmm-init-model.cc:83) Very small count for state 412: 86; corresponding phone list: 286 287 288 289 290 291 292 293 294 295 296 297 298 299 300 301 
WARNING (gmm-init-model:InitAmGmm():gmm-init-model.cc:83) Very small count for state 416: 21; corresponding phone list: 306 307 308 309 
WARNING (gmm-init-model:InitAmGmm():gmm-init-model.cc:83) Very small count for state 419: 30; corresponding phone list: 34 35 36 37 
WARNING (gmm-init-model:InitAmGmm():gmm-init-model.cc:83) Very small count for state 421: 11; corresponding phone list: 114 115 116 117 118 119 120 121 122 123 124 125 126 127 128 129 
WARNING (gmm-init-model:InitAmGmm():gmm-init-model.cc:83) Very small count for state 425: 36; corresponding phone list: 162 163 164 165 
WARNING (gmm-init-model:InitAmGmm():gmm-init-model.cc:83) Very small count for state 426: 36; corresponding phone list: 162 163 164 165 
WARNING (gmm-init-model:InitAmGmm():gmm-init-model.cc:83) Very small count for state 434: 62; corresponding phone list: 86 87 88 89 
WARNING (gmm-init-model:InitAmGmm():gmm-init-model.cc:83) Very small count for state 440: 48; corresponding phone list: 106 107 108 109 
WARNING (gmm-init-model:InitAmGmm():gmm-init-model.cc:83) Very small count for state 442: 65; corresponding phone list: 306 308 309 
WARNING (gmm-init-model:InitAmGmm():gmm-init-model.cc:83) Very small count for state 446: 83; corresponding phone list: 286 287 288 289 290 291 292 293 294 295 296 297 298 299 300 301 
WARNING (gmm-init-model:InitAmGmm():gmm-init-model.cc:83) Very small count for state 449: 92; corresponding phone list: 42 43 44 45 
WARNING (gmm-init-model:InitAmGmm():gmm-init-model.cc:83) Very small count for state 450: 15; corresponding phone list: 34 35 36 37 
WARNING (gmm-init-model:InitAmGmm():gmm-init-model.cc:83) Very small count for state 452: 68; corresponding phone list: 106 107 108 109 
WARNING (gmm-init-model:InitAmGmm():gmm-init-model.cc:83) Very small count for state 454: 25; corresponding phone list: 30 31 32 33 
WARNING (gmm-init-model:InitAmGmm():gmm-init-model.cc:83) Very small count for state 455: 13; corresponding phone list: 62 63 64 65 66 67 68 69 70 71 72 73 74 75 76 77 
WARNING (gmm-init-model:InitAmGmm():gmm-init-model.cc:83) Very small count for state 456: 30; corresponding phone list: 226 227 228 229 
WARNING (gmm-init-model:InitAmGmm():gmm-init-model.cc:83) Very small count for state 461: 81; corresponding phone list: 226 228 229 
WARNING (gmm-init-model:InitAmGmm():gmm-init-model.cc:83) Very small count for state 462: 91; corresponding phone list: 282 283 284 285 
WARNING (gmm-init-model:InitAmGmm():gmm-init-model.cc:83) Very small count for state 465: 14; corresponding phone list: 234 235 236 237 
WARNING (gmm-init-model:InitAmGmm():gmm-init-model.cc:83) Very small count for state 466: 56; corresponding phone list: 90 91 92 93 94 95 96 97 98 99 100 101 102 103 104 105 
WARNING (gmm-init-model:InitAmGmm():gmm-init-model.cc:83) Very small count for state 467: 26; corresponding phone list: 326 327 328 330 331 332 334 335 336 338 339 340 
WARNING (gmm-init-model:InitAmGmm():gmm-init-model.cc:83) Very small count for state 476: 96; corresponding phone list: 166 
WARNING (gmm-init-model:InitAmGmm():gmm-init-model.cc:83) Very small count for state 477: 36; corresponding phone list: 286 287 288 289 290 291 292 293 294 295 296 297 298 299 300 301 
WARNING (gmm-init-model:InitAmGmm():gmm-init-model.cc:83) Very small count for state 478: 58; corresponding phone list: 326 327 328 329 330 331 332 333 334 335 336 337 338 339 340 341 
WARNING (gmm-init-model:InitAmGmm():gmm-init-model.cc:83) Very small count for state 479: 35; corresponding phone list: 42 43 44 45 
WARNING (gmm-init-model:InitAmGmm():gmm-init-model.cc:83) Very small count for state 480: 73; corresponding phone list: 306 308 309 
WARNING (gmm-init-model:InitAmGmm():gmm-init-model.cc:83) Very small count for state 482: 83; corresponding phone list: 6 7 8 9 
WARNING (gmm-init-model:InitAmGmm():gmm-init-model.cc:83) Very small count for state 484: 25; corresponding phone list: 10 11 12 13 14 15 16 17 18 19 20 21 22 23 24 25 
WARNING (gmm-init-model:InitAmGmm():gmm-init-model.cc:83) Very small count for state 485: 73; corresponding phone list: 6 7 8 9 
WARNING (gmm-init-model:InitAmGmm():gmm-init-model.cc:83) Very small count for state 489: 80; corresponding phone list: 230 231 232 233 234 235 236 237 238 239 240 241 242 243 244 245 
WARNING (gmm-init-model:InitAmGmm():gmm-init-model.cc:83) Very small count for state 493: 88; corresponding phone list: 302 303 304 305 
WARNING (gmm-init-model:InitAmGmm():gmm-init-model.cc:83) Very small count for state 497: 53; corresponding phone list: 34 35 36 37 
WARNING (gmm-init-model:InitAmGmm():gmm-init-model.cc:83) Very small count for state 499: 81; corresponding phone list: 186 187 188 189 190 191 192 193 194 195 196 197 198 199 200 201 
WARNING (gmm-init-model:InitAmGmm():gmm-init-model.cc:83) Very small count for state 501: 70; corresponding phone list: 30 31 32 33 
WARNING (gmm-init-model:InitAmGmm():gmm-init-model.cc:83) Very small count for state 503: 25; corresponding phone list: 282 283 284 285 
WARNING (gmm-init-model:InitAmGmm():gmm-init-model.cc:83) Very small count for state 504: 22; corresponding phone list: 266 267 268 269 270 271 272 273 274 275 276 277 278 279 280 281 
WARNING (gmm-init-model:InitAmGmm():gmm-init-model.cc:83) Very small count for state 505: 28; corresponding phone list: 146 147 148 149 150 151 152 153 154 155 156 157 158 159 160 161 
WARNING (gmm-init-model:InitAmGmm():gmm-init-model.cc:83) Very small count for state 507: 76; corresponding phone list: 90 91 92 93 94 95 96 97 98 99 100 101 102 103 104 105 
WARNING (gmm-init-model:InitAmGmm():gmm-init-model.cc:83) Very small count for state 509: 86; corresponding phone list: 202 203 204 205 206 207 208 209 210 211 212 213 214 215 216 217 
WARNING (gmm-init-model:InitAmGmm():gmm-init-model.cc:83) Very small count for state 513: 35; corresponding phone list: 186 187 188 189 190 191 192 193 194 195 196 197 198 199 200 201 
WARNING (gmm-init-model:InitAmGmm():gmm-init-model.cc:83) Very small count for state 515: 26; corresponding phone list: 286 287 288 289 290 291 292 293 294 295 296 297 298 299 300 301 
WARNING (gmm-init-model:InitAmGmm():gmm-init-model.cc:83) Very small count for state 516: 20; corresponding phone list: 286 287 288 289 290 291 292 293 294 295 296 297 298 299 300 301 
WARNING (gmm-init-model:InitAmGmm():gmm-init-model.cc:83) Very small count for state 518: 56; corresponding phone list: 306 308 309 
WARNING (gmm-init-model:InitAmGmm():gmm-init-model.cc:83) Very small count for state 522: 73; corresponding phone list: 134 
WARNING (gmm-init-model:InitAmGmm():gmm-init-model.cc:83) Very small count for state 523: 32; corresponding phone list: 307 
WARNING (gmm-init-model:InitAmGmm():gmm-init-model.cc:83) Very small count for state 525: 98; corresponding phone list: 302 303 304 305 
WARNING (gmm-init-model:InitAmGmm():gmm-init-model.cc:83) Very small count for state 527: 99; corresponding phone list: 282 283 284 285 
WARNING (gmm-init-model:InitAmGmm():gmm-init-model.cc:83) Very small count for state 528: 47; corresponding phone list: 106 107 108 109 
WARNING (gmm-init-model:InitAmGmm():gmm-init-model.cc:83) Very small count for state 535: 18; corresponding phone list: 62 63 64 65 66 67 68 69 70 71 72 73 74 75 76 77 
WARNING (gmm-init-model:InitAmGmm():gmm-init-model.cc:83) Very small count for state 538: 62; corresponding phone list: 282 283 284 285 
WARNING (gmm-init-model:InitAmGmm():gmm-init-model.cc:83) Very small count for state 539: 26; corresponding phone list: 266 267 268 269 270 271 272 273 274 275 276 277 278 279 280 281 
WARNING (gmm-init-model:InitAmGmm():gmm-init-model.cc:83) Very small count for state 543: 71; corresponding phone list: 134 135 136 137 
WARNING (gmm-init-model:InitAmGmm():gmm-init-model.cc:83) Very small count for state 544: 25; corresponding phone list: 26 27 28 29 
WARNING (gmm-init-model:InitAmGmm():gmm-init-model.cc:83) Very small count for state 549: 97; corresponding phone list: 6 7 8 9 
WARNING (gmm-init-model:InitAmGmm():gmm-init-model.cc:83) Very small count for state 550: 74; corresponding phone list: 86 87 88 89 
WARNING (gmm-init-model:InitAmGmm():gmm-init-model.cc:83) Very small count for state 552: 26; corresponding phone list: 10 11 12 13 14 15 16 17 18 19 20 21 22 23 24 25 
WARNING (gmm-init-model:InitAmGmm():gmm-init-model.cc:83) Very small count for state 560: 12; corresponding phone list: 62 63 64 65 66 67 68 69 70 71 72 73 74 75 76 77 
WARNING (gmm-init-model:InitAmGmm():gmm-init-model.cc:83) Very small count for state 562: 62; corresponding phone list: 86 87 88 89 
WARNING (gmm-init-model:InitAmGmm():gmm-init-model.cc:83) Very small count for state 563: 72; corresponding phone list: 30 31 32 33 
WARNING (gmm-init-model:InitAmGmm():gmm-init-model.cc:83) Very small count for state 565: 94; corresponding phone list: 230 231 232 233 234 235 236 237 238 239 240 241 242 243 244 245 
WARNING (gmm-init-model:InitAmGmm():gmm-init-model.cc:83) Very small count for state 583: 25; corresponding phone list: 282 283 284 285 
WARNING (gmm-init-model:InitAmGmm():gmm-init-model.cc:83) Very small count for state 594: 36; corresponding phone list: 6 7 8 9 
WARNING (gmm-init-model:InitAmGmm():gmm-init-model.cc:83) Very small count for state 597: 33; corresponding phone list: 250 251 252 254 255 256 258 259 260 262 263 264 
WARNING (gmm-init-model:InitAmGmm():gmm-init-model.cc:83) Very small count for state 599: 12; corresponding phone list: 310 311 312 313 314 315 316 317 318 319 320 321 322 323 324 325 
WARNING (gmm-init-model:InitAmGmm():gmm-init-model.cc:83) Very small count for state 600: 38; corresponding phone list: 10 11 12 13 14 15 16 17 18 19 20 21 22 23 24 25 
WARNING (gmm-init-model:InitAmGmm():gmm-init-model.cc:83) Very small count for state 602: 67; corresponding phone list: 82 83 84 85 
WARNING (gmm-init-model:InitAmGmm():gmm-init-model.cc:83) Very small count for state 608: 67; corresponding phone list: 30 31 32 33 
WARNING (gmm-init-model:InitAmGmm():gmm-init-model.cc:83) Very small count for state 615: 70; corresponding phone list: 282 283 284 285 
WARNING (gmm-init-model:InitAmGmm():gmm-init-model.cc:83) Very small count for state 620: 20; corresponding phone list: 62 63 64 65 66 67 68 69 70 71 72 73 74 75 76 77 
WARNING (gmm-init-model:InitAmGmm():gmm-init-model.cc:83) Very small count for state 626: 79; corresponding phone list: 234 235 236 237 
WARNING (gmm-init-model:InitAmGmm():gmm-init-model.cc:83) Very small count for state 627: 92; corresponding phone list: 35 
WARNING (gmm-init-model:InitAmGmm():gmm-init-model.cc:83) Very small count for state 630: 76; corresponding phone list: 223 
WARNING (gmm-init-model:InitAmGmm():gmm-init-model.cc:83) Very small count for state 632: 72; corresponding phone list: 170 171 172 173 174 175 176 177 178 179 180 181 182 183 184 185 
WARNING (gmm-init-model:InitAmGmm():gmm-init-model.cc:83) Very small count for state 634: 68; corresponding phone list: 90 91 92 93 94 95 96 97 98 99 100 101 102 103 104 105 
WARNING (gmm-init-model:InitAmGmm():gmm-init-model.cc:83) Very small count for state 636: 78; corresponding phone list: 306 307 308 309 
WARNING (gmm-init-model:InitAmGmm():gmm-init-model.cc:83) Very small count for state 641: 26; corresponding phone list: 266 267 268 269 270 271 272 273 274 275 276 277 278 279 280 281 
WARNING (gmm-init-model:InitAmGmm():gmm-init-model.cc:83) Very small count for state 642: 93; corresponding phone list: 286 287 288 289 290 291 292 293 294 295 296 297 298 299 300 301 
WARNING (gmm-init-model:InitAmGmm():gmm-init-model.cc:83) Very small count for state 644: 75; corresponding phone list: 42 43 44 45 
WARNING (gmm-init-model:InitAmGmm():gmm-init-model.cc:83) Very small count for state 649: 15; corresponding phone list: 90 91 92 93 94 95 96 97 98 99 100 101 102 103 104 105 
WARNING (gmm-init-model:InitAmGmm():gmm-init-model.cc:83) Very small count for state 652: 25; corresponding phone list: 202 203 204 205 206 207 208 209 210 211 212 213 214 215 216 217 
WARNING (gmm-init-model:InitAmGmm():gmm-init-model.cc:83) Very small count for state 655: 32; corresponding phone list: 310 311 312 313 314 315 316 317 318 319 320 321 322 323 324 325 
WARNING (gmm-init-model:InitAmGmm():gmm-init-model.cc:83) Very small count for state 657: 90; corresponding phone list: 286 287 288 289 290 291 292 293 294 295 296 297 298 299 300 301 
WARNING (gmm-init-model:InitAmGmm():gmm-init-model.cc:83) Very small count for state 658: 46; corresponding phone list: 286 287 288 289 290 291 292 293 294 295 296 297 298 299 300 301 
WARNING (gmm-init-model:InitAmGmm():gmm-init-model.cc:83) Very small count for state 663: 18; corresponding phone list: 282 283 284 285 
WARNING (gmm-init-model:InitAmGmm():gmm-init-model.cc:83) Very small count for state 665: 99; corresponding phone list: 166 
WARNING (gmm-init-model:InitAmGmm():gmm-init-model.cc:83) Very small count for state 666: 90; corresponding phone list: 78 79 80 81 
WARNING (gmm-init-model:InitAmGmm():gmm-init-model.cc:83) Very small count for state 672: 25; corresponding phone list: 6 7 8 9 
WARNING (gmm-init-model:InitAmGmm():gmm-init-model.cc:83) Very small count for state 677: 54; corresponding phone list: 234 235 236 237 
WARNING (gmm-init-model:InitAmGmm():gmm-init-model.cc:83) Very small count for state 682: 94; corresponding phone list: 230 231 232 233 234 235 236 237 238 239 240 241 242 243 244 245 
WARNING (gmm-init-model:InitAmGmm():gmm-init-model.cc:83) Very small count for state 685: 47; corresponding phone list: 62 63 64 65 66 67 68 69 70 71 72 73 74 75 76 77 
WARNING (gmm-init-model:InitAmGmm():gmm-init-model.cc:83) Very small count for state 686: 68; corresponding phone list: 42 43 44 45 
WARNING (gmm-init-model:InitAmGmm():gmm-init-model.cc:83) Very small count for state 688: 32; corresponding phone list: 286 287 288 289 290 291 292 293 294 295 296 297 298 299 300 301 
WARNING (gmm-init-model:InitAmGmm():gmm-init-model.cc:83) Very small count for state 689: 43; corresponding phone list: 286 287 288 289 290 291 292 293 294 295 296 297 298 299 300 301 
WARNING (gmm-init-model:InitAmGmm():gmm-init-model.cc:83) Very small count for state 690: 20; corresponding phone list: 166 
WARNING (gmm-init-model:InitAmGmm():gmm-init-model.cc:83) Very small count for state 708: 21; corresponding phone list: 170 171 172 173 174 175 176 177 178 179 180 181 182 183 184 185 
WARNING (gmm-init-model:InitAmGmm():gmm-init-model.cc:83) Very small count for state 709: 62; corresponding phone list: 62 63 64 65 66 67 68 69 70 71 72 73 74 75 76 77 
WARNING (gmm-init-model:InitAmGmm():gmm-init-model.cc:83) Very small count for state 714: 14; corresponding phone list: 234 235 236 237 
WARNING (gmm-init-model:InitAmGmm():gmm-init-model.cc:83) Very small count for state 718: 82; corresponding phone list: 91 92 93 95 96 97 99 100 101 103 104 105 
WARNING (gmm-init-model:InitAmGmm():gmm-init-model.cc:83) Very small count for state 724: 45; corresponding phone list: 46 47 48 49 50 51 52 53 54 55 56 57 58 59 60 61 
WARNING (gmm-init-model:InitAmGmm():gmm-init-model.cc:83) Very small count for state 729: 16; corresponding phone list: 82 83 84 85 
WARNING (gmm-init-model:InitAmGmm():gmm-init-model.cc:83) Very small count for state 731: 56; corresponding phone list: 234 235 236 237 
WARNING (gmm-init-model:InitAmGmm():gmm-init-model.cc:83) Very small count for state 735: 69; corresponding phone list: 230 231 232 233 234 235 236 237 238 239 240 241 242 243 244 245 
WARNING (gmm-init-model:InitAmGmm():gmm-init-model.cc:83) Very small count for state 742: 23; corresponding phone list: 90 91 92 93 94 95 96 97 98 99 100 101 102 103 104 105 
WARNING (gmm-init-model:InitAmGmm():gmm-init-model.cc:83) Very small count for state 743: 34; corresponding phone list: 90 91 92 93 94 95 96 97 98 99 100 101 102 103 104 105 
WARNING (gmm-init-model:InitAmGmm():gmm-init-model.cc:83) Very small count for state 744: 60; corresponding phone list: 90 91 92 93 98 99 100 101 102 103 104 105 
WARNING (gmm-init-model:InitAmGmm():gmm-init-model.cc:83) Very small count for state 745: 35; corresponding phone list: 90 91 92 93 94 95 96 97 98 99 100 101 102 103 104 105 
WARNING (gmm-init-model:InitAmGmm():gmm-init-model.cc:83) Very small count for state 746: 16; corresponding phone list: 222 224 225 
WARNING (gmm-init-model:InitAmGmm():gmm-init-model.cc:83) Very small count for state 747: 30; corresponding phone list: 6 7 8 9 
WARNING (gmm-init-model:InitAmGmm():gmm-init-model.cc:83) Very small count for state 752: 74; corresponding phone list: 202 203 204 205 206 207 208 209 210 211 212 213 214 215 216 217 
WARNING (gmm-init-model:InitAmGmm():gmm-init-model.cc:83) Very small count for state 757: 27; corresponding phone list: 250 251 252 253 254 255 256 257 258 259 260 261 262 263 264 265 
WARNING (gmm-init-model:InitAmGmm():gmm-init-model.cc:83) Very small count for state 758: 40; corresponding phone list: 230 231 232 233 234 235 236 237 238 239 240 241 242 243 244 245 
WARNING (gmm-init-model:InitAmGmm():gmm-init-model.cc:83) Very small count for state 761: 81; corresponding phone list: 218 219 220 221 
WARNING (gmm-init-model:InitAmGmm():gmm-init-model.cc:83) Very small count for state 777: 27; corresponding phone list: 310 311 312 313 318 319 320 321 322 323 324 325 
WARNING (gmm-init-model:InitAmGmm():gmm-init-model.cc:83) Very small count for state 779: 77; corresponding phone list: 38 39 40 41 
WARNING (gmm-init-model:InitAmGmm():gmm-init-model.cc:83) Very small count for state 785: 21; corresponding phone list: 46 47 48 49 50 51 52 53 54 55 56 57 58 59 60 61 
WARNING (gmm-init-model:InitAmGmm():gmm-init-model.cc:83) Very small count for state 792: 57; corresponding phone list: 162 163 164 165 
WARNING (gmm-init-model:InitAmGmm():gmm-init-model.cc:83) Very small count for state 794: 15; corresponding phone list: 94 95 96 97 
WARNING (gmm-init-model:InitAmGmm():gmm-init-model.cc:83) Very small count for state 802: 43; corresponding phone list: 234 236 237 
WARNING (gmm-init-model:InitAmGmm():gmm-init-model.cc:83) Very small count for state 803: 18; corresponding phone list: 250 251 252 253 254 255 256 257 258 259 260 261 262 263 264 265 
WARNING (gmm-init-model:InitAmGmm():gmm-init-model.cc:83) Very small count for state 812: 41; corresponding phone list: 286 287 288 289 290 291 292 293 294 295 296 297 298 299 300 301 
WARNING (gmm-init-model:InitAmGmm():gmm-init-model.cc:83) Very small count for state 815: 30; corresponding phone list: 250 251 252 253 254 255 256 257 258 259 260 261 262 263 264 265 
WARNING (gmm-init-model:InitAmGmm():gmm-init-model.cc:83) Very small count for state 816: 24; corresponding phone list: 254 256 257 
WARNING (gmm-init-model:InitAmGmm():gmm-init-model.cc:83) Very small count for state 824: 36; corresponding phone list: 326 327 328 329 330 331 332 333 334 335 336 337 338 339 340 341 
WARNING (gmm-init-model:InitAmGmm():gmm-init-model.cc:83) Very small count for state 825: 71; corresponding phone list: 282 283 284 285 
WARNING (gmm-init-model:InitAmGmm():gmm-init-model.cc:83) Very small count for state 836: 50; corresponding phone list: 306 307 308 309 
WARNING (gmm-init-model:InitAmGmm():gmm-init-model.cc:83) Very small count for state 838: 94; corresponding phone list: 282 283 284 285 
WARNING (gmm-init-model:InitAmGmm():gmm-init-model.cc:83) Very small count for state 841: 85; corresponding phone list: 90 91 92 93 94 95 96 97 98 99 100 101 102 103 104 105 
WARNING (gmm-init-model:InitAmGmm():gmm-init-model.cc:83) Very small count for state 842: 95; corresponding phone list: 130 131 132 133 
WARNING (gmm-init-model:InitAmGmm():gmm-init-model.cc:83) Very small count for state 844: 20; corresponding phone list: 266 267 268 269 270 271 272 273 274 275 276 277 278 279 280 281 
WARNING (gmm-init-model:InitAmGmm():gmm-init-model.cc:83) Very small count for state 850: 90; corresponding phone list: 302 303 304 305 
WARNING (gmm-init-model:InitAmGmm():gmm-init-model.cc:83) Very small count for state 855: 35; corresponding phone list: 286 287 288 289 290 291 292 293 294 295 296 297 298 299 300 301 
WARNING (gmm-init-model:InitAmGmm():gmm-init-model.cc:83) Very small count for state 859: 9; corresponding phone list: 266 270 274 278 
WARNING (gmm-init-model:InitAmGmm():gmm-init-model.cc:83) Very small count for state 876: 45; corresponding phone list: 230 231 232 233 234 235 236 237 238 239 240 241 242 243 244 245 
WARNING (gmm-init-model:InitAmGmm():gmm-init-model.cc:83) Very small count for state 878: 47; corresponding phone list: 326 327 328 329 330 331 332 333 334 335 336 337 338 339 340 341 
WARNING (gmm-init-model:InitAmGmm():gmm-init-model.cc:83) Very small count for state 882: 79; corresponding phone list: 90 91 92 93 94 95 96 97 98 99 100 101 102 103 104 105 
WARNING (gmm-init-model:InitAmGmm():gmm-init-model.cc:83) Very small count for state 889: 59; corresponding phone list: 27 
WARNING (gmm-init-model:InitAmGmm():gmm-init-model.cc:83) Very small count for state 891: 9; corresponding phone list: 310 311 312 313 314 315 316 317 318 319 320 321 322 323 324 325 
WARNING (gmm-init-model:InitAmGmm():gmm-init-model.cc:83) Very small count for state 892: 32; corresponding phone list: 310 311 312 313 314 315 316 317 318 319 320 321 322 323 324 325 
WARNING (gmm-init-model:InitAmGmm():gmm-init-model.cc:83) Very small count for state 899: 69; corresponding phone list: 302 303 304 305 
WARNING (gmm-init-model:InitAmGmm():gmm-init-model.cc:83) Very small count for state 903: 50; corresponding phone list: 46 47 48 49 50 51 52 53 54 55 56 57 58 59 60 61 
WARNING (gmm-init-model:InitAmGmm():gmm-init-model.cc:83) Very small count for state 912: 79; corresponding phone list: 186 187 188 189 190 191 192 193 194 195 196 197 198 199 200 201 
WARNING (gmm-init-model:InitAmGmm():gmm-init-model.cc:83) Very small count for state 914: 48; corresponding phone list: 26 27 28 29 
WARNING (gmm-init-model:InitAmGmm():gmm-init-model.cc:83) Very small count for state 920: 98; corresponding phone list: 38 39 40 41 
WARNING (gmm-init-model:InitAmGmm():gmm-init-model.cc:83) Very small count for state 926: 59; corresponding phone list: 130 131 132 133 
WARNING (gmm-init-model:InitAmGmm():gmm-init-model.cc:83) Very small count for state 930: 66; corresponding phone list: 166 
WARNING (gmm-init-model:InitAmGmm():gmm-init-model.cc:83) Very small count for state 931: 15; corresponding phone list: 38 39 40 41 
WARNING (gmm-init-model:InitAmGmm():gmm-init-model.cc:83) Very small count for state 933: 12; corresponding phone list: 286 287 288 289 290 291 292 293 294 295 296 297 298 299 300 301 
WARNING (gmm-init-model:InitAmGmm():gmm-init-model.cc:83) Very small count for state 939: 57; corresponding phone list: 62 63 64 65 66 67 68 69 70 71 72 73 74 75 76 77 
WARNING (gmm-init-model:InitAmGmm():gmm-init-model.cc:83) Very small count for state 951: 76; corresponding phone list: 86 87 88 89 
WARNING (gmm-init-model:InitAmGmm():gmm-init-model.cc:83) Very small count for state 957: 53; corresponding phone list: 38 39 40 41 
WARNING (gmm-init-model:InitAmGmm():gmm-init-model.cc:83) Very small count for state 973: 46; corresponding phone list: 130 131 132 133 
WARNING (gmm-init-model:InitAmGmm():gmm-init-model.cc:83) Very small count for state 977: 96; corresponding phone list: 286 287 288 289 290 291 292 293 294 295 296 297 298 299 300 301 
WARNING (gmm-init-model:InitAmGmm():gmm-init-model.cc:83) Very small count for state 983: 80; corresponding phone list: 46 47 48 49 50 51 52 53 54 55 56 57 58 59 60 61 
WARNING (gmm-init-model:InitAmGmm():gmm-init-model.cc:83) Very small count for state 986: 71; corresponding phone list: 250 251 252 253 254 255 256 257 258 259 260 261 262 263 264 265 
WARNING (gmm-init-model:InitAmGmm():gmm-init-model.cc:83) Very small count for state 987: 73; corresponding phone list: 46 47 48 49 50 51 52 53 54 55 56 57 58 59 60 61 
WARNING (gmm-init-model:InitAmGmm():gmm-init-model.cc:83) Very small count for state 989: 68; corresponding phone list: 234 236 237 
WARNING (gmm-init-model:InitAmGmm():gmm-init-model.cc:83) Very small count for state 1003: 88; corresponding phone list: 202 203 204 205 206 207 208 209 210 211 212 213 214 215 216 217 
WARNING (gmm-init-model:InitAmGmm():gmm-init-model.cc:83) Very small count for state 1006: 72; corresponding phone list: 306 307 308 309 
WARNING (gmm-init-model:InitAmGmm():gmm-init-model.cc:83) Very small count for state 1012: 91; corresponding phone list: 90 91 92 93 94 95 96 97 98 99 100 101 102 103 104 105 
WARNING (gmm-init-model:InitAmGmm():gmm-init-model.cc:83) Very small count for state 1013: 41; corresponding phone list: 90 91 92 93 94 95 96 97 98 99 100 101 102 103 104 105 
WARNING (gmm-init-model:InitAmGmm():gmm-init-model.cc:83) Very small count for state 1015: 29; corresponding phone list: 266 267 268 269 270 271 272 273 274 275 276 277 278 279 280 281 
WARNING (gmm-init-model:InitAmGmm():gmm-init-model.cc:83) Very small count for state 1030: 67; corresponding phone list: 46 47 48 49 50 51 52 53 54 55 56 57 58 59 60 61 
WARNING (gmm-init-model:InitAmGmm():gmm-init-model.cc:83) Very small count for state 1033: 62; corresponding phone list: 46 47 48 49 50 51 52 53 54 55 56 57 58 59 60 61 
WARNING (gmm-init-model:InitAmGmm():gmm-init-model.cc:83) Very small count for state 1070: 35; corresponding phone list: 266 267 268 269 270 271 272 273 274 275 276 277 278 279 280 281 
WARNING (gmm-init-model:InitAmGmm():gmm-init-model.cc:83) Very small count for state 1071: 35; corresponding phone list: 266 267 268 269 270 271 272 273 274 275 276 277 278 279 280 281 
WARNING (gmm-init-model:InitAmGmm():gmm-init-model.cc:83) Very small count for state 1073: 97; corresponding phone list: 62 63 64 65 66 67 68 69 70 71 72 73 74 75 76 77 
WARNING (gmm-init-model:InitAmGmm():gmm-init-model.cc:83) Very small count for state 1074: 71; corresponding phone list: 310 311 312 313 314 315 316 317 318 319 320 321 322 323 324 325 
WARNING (gmm-init-model:InitAmGmm():gmm-init-model.cc:83) Very small count for state 1075: 39; corresponding phone list: 230 231 232 233 234 235 236 237 238 239 240 241 242 243 244 245 
WARNING (gmm-init-model:InitAmGmm():gmm-init-model.cc:83) Very small count for state 1081: 9; corresponding phone list: 266 267 268 269 270 271 272 273 274 275 276 277 278 279 280 281 
WARNING (gmm-init-model:InitAmGmm():gmm-init-model.cc:83) Very small count for state 1103: 99; corresponding phone list: 42 43 44 45 
WARNING (gmm-init-model:InitAmGmm():gmm-init-model.cc:83) Very small count for state 1104: 87; corresponding phone list: 146 147 148 149 150 151 152 153 154 155 156 157 158 159 160 161 
WARNING (gmm-init-model:InitAmGmm():gmm-init-model.cc:83) Very small count for state 1105: 56; corresponding phone list: 170 171 172 173 174 175 176 177 178 179 180 181 182 183 184 185 
WARNING (gmm-init-model:InitAmGmm():gmm-init-model.cc:83) Very small count for state 1107: 71; corresponding phone list: 134 135 136 137 
WARNING (gmm-init-model:InitAmGmm():gmm-init-model.cc:83) Very small count for state 1109: 86; corresponding phone list: 10 11 12 13 14 15 16 17 18 19 20 21 22 23 24 25 
WARNING (gmm-init-model:InitAmGmm():gmm-init-model.cc:83) Very small count for state 1113: 84; corresponding phone list: 230 231 232 233 234 235 236 237 238 239 240 241 242 243 244 245 
WARNING (gmm-init-model:InitAmGmm():gmm-init-model.cc:83) Very small count for state 1114: 17; corresponding phone list: 310 311 312 313 318 319 320 321 322 323 324 325 
WARNING (gmm-init-model:InitAmGmm():gmm-init-model.cc:83) Very small count for state 1136: 68; corresponding phone list: 202 203 204 205 206 207 208 209 210 211 212 213 214 215 216 217 
WARNING (gmm-init-model:InitAmGmm():gmm-init-model.cc:83) Very small count for state 1146: 51; corresponding phone list: 202 203 204 205 206 207 208 209 210 211 212 213 214 215 216 217 
WARNING (gmm-init-model:InitAmGmm():gmm-init-model.cc:83) Very small count for state 1156: 26; corresponding phone list: 110 111 112 113 
WARNING (gmm-init-model:InitAmGmm():gmm-init-model.cc:83) Very small count for state 1161: 75; corresponding phone list: 202 203 204 205 206 207 208 209 210 211 212 213 214 215 216 217 
WARNING (gmm-init-model:InitAmGmm():gmm-init-model.cc:83) Very small count for state 1162: 80; corresponding phone list: 90 91 92 93 94 95 96 97 98 99 100 101 102 103 104 105 
WARNING (gmm-init-model:InitAmGmm():gmm-init-model.cc:83) Very small count for state 1164: 54; corresponding phone list: 90 91 92 93 94 95 96 97 98 99 100 101 102 103 104 105 
WARNING (gmm-init-model:InitAmGmm():gmm-init-model.cc:83) Very small count for state 1166: 59; corresponding phone list: 202 203 204 205 206 207 208 209 210 211 212 213 214 215 216 217 
WARNING (gmm-init-model:InitAmGmm():gmm-init-model.cc:83) Very small count for state 1167: 57; corresponding phone list: 267 268 269 271 272 273 275 276 277 279 280 281 
WARNING (gmm-init-model:InitAmGmm():gmm-init-model.cc:83) Very small count for state 1171: 43; corresponding phone list: 62 63 64 65 66 67 68 69 70 71 72 73 74 75 76 77 
WARNING (gmm-init-model:InitAmGmm():gmm-init-model.cc:83) Very small count for state 1173: 95; corresponding phone list: 10 11 12 13 14 15 16 17 18 19 20 21 22 23 24 25 
WARNING (gmm-init-model:InitAmGmm():gmm-init-model.cc:83) Very small count for state 1177: 10; corresponding phone list: 62 63 64 65 66 67 68 69 70 71 72 73 74 75 76 77 
WARNING (gmm-init-model:InitAmGmm():gmm-init-model.cc:83) Very small count for state 1180: 87; corresponding phone list: 62 63 64 65 66 67 68 69 70 71 72 73 74 75 76 77 
WARNING (gmm-init-model:InitAmGmm():gmm-init-model.cc:83) Very small count for state 1183: 8; corresponding phone list: 10 11 12 13 14 15 16 17 18 19 20 21 22 23 24 25 
WARNING (gmm-init-model:InitAmGmm():gmm-init-model.cc:83) Very small count for state 1185: 82; corresponding phone list: 266 267 268 269 270 271 272 273 274 275 276 277 278 279 280 281 
WARNING (gmm-init-model:InitAmGmm():gmm-init-model.cc:83) Very small count for state 1189: 83; corresponding phone list: 78 79 80 81 
WARNING (gmm-init-model:InitAmGmm():gmm-init-model.cc:83) Very small count for state 1196: 30; corresponding phone list: 86 87 88 89 
WARNING (gmm-init-model:InitAmGmm():gmm-init-model.cc:83) Very small count for state 1198: 97; corresponding phone list: 222 224 225 
LOG (gmm-init-model:main():gmm-init-model.cc:306) Wrote model.
