# gmm-est --power=0.2 --write-occs=exp/tri3b/3.occs --mix-up=3000 exp/tri3b/2.mdl "gmm-sum-accs - exp/tri3b/2.*.acc |" exp/tri3b/3.mdl 
# Started at Thu Aug 18 15:40:33 EDT 2016
#
gmm-est --power=0.2 --write-occs=exp/tri3b/3.occs --mix-up=3000 exp/tri3b/2.mdl 'gmm-sum-accs - exp/tri3b/2.*.acc |' exp/tri3b/3.mdl 
gmm-sum-accs - exp/tri3b/2.1.acc exp/tri3b/2.10.acc exp/tri3b/2.11.acc exp/tri3b/2.12.acc exp/tri3b/2.13.acc exp/tri3b/2.14.acc exp/tri3b/2.15.acc exp/tri3b/2.16.acc exp/tri3b/2.17.acc exp/tri3b/2.18.acc exp/tri3b/2.19.acc exp/tri3b/2.2.acc exp/tri3b/2.20.acc exp/tri3b/2.3.acc exp/tri3b/2.4.acc exp/tri3b/2.5.acc exp/tri3b/2.6.acc exp/tri3b/2.7.acc exp/tri3b/2.8.acc exp/tri3b/2.9.acc 
LOG (gmm-sum-accs:main():gmm-sum-accs.cc:63) Summed 20 stats, total count 311094, avg like/frame -53.0823
LOG (gmm-sum-accs:main():gmm-sum-accs.cc:66) Total count of stats is 311094
LOG (gmm-sum-accs:main():gmm-sum-accs.cc:67) Written stats to -
LOG (gmm-est:MleUpdate():transition-model.cc:393) TransitionModel::Update, objf change is 8.07686e-10 per frame over 311094 frames. 
LOG (gmm-est:MleUpdate():transition-model.cc:396) 67 probabilities floored, 8868 out of 11768 transition-states skipped due to insuffient data (it is normal to have some skipped.)
LOG (gmm-est:main():gmm-est.cc:102) Transition model update: Overall 8.07686e-10 log-like improvement per frame over 311094 frames.
WARNING (gmm-est:MleDiagGmmUpdate():mle-diag-gmm.cc:365) Gaussian has too little data but not removing it because it is the last Gaussian: i = 0, occ = 10, weight = 1
WARNING (gmm-est:MleDiagGmmUpdate():mle-diag-gmm.cc:365) Gaussian has too little data but not removing it because it is the last Gaussian: i = 0, occ = 8, weight = 1
WARNING (gmm-est:MleDiagGmmUpdate():mle-diag-gmm.cc:365) Gaussian has too little data but not removing it because it is the last Gaussian: i = 0, occ = 8, weight = 1
WARNING (gmm-est:MleDiagGmmUpdate():mle-diag-gmm.cc:365) Gaussian has too little data but not removing it because it is the last Gaussian: i = 0, occ = 9, weight = 1
WARNING (gmm-est:MleDiagGmmUpdate():mle-diag-gmm.cc:365) Gaussian has too little data but not removing it because it is the last Gaussian: i = 0, occ = 9, weight = 1
WARNING (gmm-est:MleDiagGmmUpdate():mle-diag-gmm.cc:365) Gaussian has too little data but not removing it because it is the last Gaussian: i = 0, occ = 9, weight = 1
WARNING (gmm-est:MleDiagGmmUpdate():mle-diag-gmm.cc:365) Gaussian has too little data but not removing it because it is the last Gaussian: i = 0, occ = 10, weight = 1
WARNING (gmm-est:MleDiagGmmUpdate():mle-diag-gmm.cc:365) Gaussian has too little data but not removing it because it is the last Gaussian: i = 0, occ = 8, weight = 1
LOG (gmm-est:MleAmDiagGmmUpdate():mle-am-diag-gmm.cc:225) 0 variance elements floored in 0 Gaussians, out of 2500
LOG (gmm-est:MleAmDiagGmmUpdate():mle-am-diag-gmm.cc:229) Removed 0 Gaussians due to counts < --min-gaussian-occupancy=10 and --remove-low-count-gaussians=true
LOG (gmm-est:main():gmm-est.cc:113) GMM update: Overall 0.0837775 objective function improvement per frame over 311094 frames
LOG (gmm-est:main():gmm-est.cc:116) GMM update: Overall avg like per frame = -53.0823 over 311094 frames.
LOG (gmm-est:SplitByCount():am-diag-gmm.cc:116) Split 1200 states with target = 3000, power = 0.2, perturb_factor = 0.01 and min_count = 20, split #Gauss from 2500 to 3000
LOG (gmm-est:main():gmm-est.cc:146) Written model to exp/tri3b/3.mdl
# Accounting: time=2 threads=1
# Ended (code 0) at Thu Aug 18 15:40:35 EDT 2016, elapsed time 2 seconds
