# gmm-est --power=0.2 --write-occs=exp/tri3b/23.occs --mix-up=13000 exp/tri3b/22.mdl "gmm-sum-accs - exp/tri3b/22.*.acc |" exp/tri3b/23.mdl 
# Started at Thu Aug 18 15:43:44 EDT 2016
#
gmm-est --power=0.2 --write-occs=exp/tri3b/23.occs --mix-up=13000 exp/tri3b/22.mdl 'gmm-sum-accs - exp/tri3b/22.*.acc |' exp/tri3b/23.mdl 
gmm-sum-accs - exp/tri3b/22.1.acc exp/tri3b/22.10.acc exp/tri3b/22.11.acc exp/tri3b/22.12.acc exp/tri3b/22.13.acc exp/tri3b/22.14.acc exp/tri3b/22.15.acc exp/tri3b/22.16.acc exp/tri3b/22.17.acc exp/tri3b/22.18.acc exp/tri3b/22.19.acc exp/tri3b/22.2.acc exp/tri3b/22.20.acc exp/tri3b/22.3.acc exp/tri3b/22.4.acc exp/tri3b/22.5.acc exp/tri3b/22.6.acc exp/tri3b/22.7.acc exp/tri3b/22.8.acc exp/tri3b/22.9.acc 
LOG (gmm-sum-accs:main():gmm-sum-accs.cc:63) Summed 20 stats, total count 311094, avg like/frame -45.2449
LOG (gmm-sum-accs:main():gmm-sum-accs.cc:66) Total count of stats is 311094
LOG (gmm-sum-accs:main():gmm-sum-accs.cc:67) Written stats to -
LOG (gmm-est:MleUpdate():transition-model.cc:393) TransitionModel::Update, objf change is 2.84706e-11 per frame over 311094 frames. 
LOG (gmm-est:MleUpdate():transition-model.cc:396) 179 probabilities floored, 8910 out of 11768 transition-states skipped due to insuffient data (it is normal to have some skipped.)
LOG (gmm-est:main():gmm-est.cc:102) Transition model update: Overall 2.84706e-11 log-like improvement per frame over 311094 frames.
WARNING (gmm-est:MleDiagGmmUpdate():mle-diag-gmm.cc:359) Too little data - removing Gaussian (weight 0.062330, occupation count 9.910472, vector size 40)
WARNING (gmm-est:MleDiagGmmUpdate():mle-diag-gmm.cc:359) Too little data - removing Gaussian (weight 0.027441, occupation count 9.933809, vector size 40)
WARNING (gmm-est:MleDiagGmmUpdate():mle-diag-gmm.cc:359) Too little data - removing Gaussian (weight 0.069407, occupation count 9.925188, vector size 40)
WARNING (gmm-est:MleDiagGmmUpdate():mle-diag-gmm.cc:365) Gaussian has too little data but not removing it because it is the last Gaussian: i = 0, occ = 10, weight = 1
WARNING (gmm-est:MleDiagGmmUpdate():mle-diag-gmm.cc:359) Too little data - removing Gaussian (weight 0.023276, occupation count 9.194036, vector size 40)
WARNING (gmm-est:MleDiagGmmUpdate():mle-diag-gmm.cc:359) Too little data - removing Gaussian (weight 0.037406, occupation count 9.950117, vector size 40)
WARNING (gmm-est:MleDiagGmmUpdate():mle-diag-gmm.cc:365) Gaussian has too little data but not removing it because it is the last Gaussian: i = 0, occ = 8, weight = 1
WARNING (gmm-est:MleDiagGmmUpdate():mle-diag-gmm.cc:365) Gaussian has too little data but not removing it because it is the last Gaussian: i = 0, occ = 8, weight = 1
WARNING (gmm-est:MleDiagGmmUpdate():mle-diag-gmm.cc:365) Gaussian has too little data but not removing it because it is the last Gaussian: i = 0, occ = 3, weight = 1
WARNING (gmm-est:MleDiagGmmUpdate():mle-diag-gmm.cc:365) Gaussian has too little data but not removing it because it is the last Gaussian: i = 0, occ = 1, weight = 1
WARNING (gmm-est:MleDiagGmmUpdate():mle-diag-gmm.cc:359) Too little data - removing Gaussian (weight 0.040966, occupation count 9.995725, vector size 40)
WARNING (gmm-est:MleDiagGmmUpdate():mle-diag-gmm.cc:359) Too little data - removing Gaussian (weight 0.030799, occupation count 9.054895, vector size 40)
WARNING (gmm-est:MleDiagGmmUpdate():mle-diag-gmm.cc:359) Too little data - removing Gaussian (weight 0.027554, occupation count 9.919555, vector size 40)
WARNING (gmm-est:MleDiagGmmUpdate():mle-diag-gmm.cc:359) Too little data - removing Gaussian (weight 0.039855, occupation count 8.967392, vector size 40)
WARNING (gmm-est:MleDiagGmmUpdate():mle-diag-gmm.cc:359) Too little data - removing Gaussian (weight 0.020247, occupation count 9.253003, vector size 40)
WARNING (gmm-est:MleDiagGmmUpdate():mle-diag-gmm.cc:359) Too little data - removing Gaussian (weight 0.051534, occupation count 9.997684, vector size 40)
WARNING (gmm-est:MleDiagGmmUpdate():mle-diag-gmm.cc:365) Gaussian has too little data but not removing it because it is the last Gaussian: i = 0, occ = 9, weight = 1
WARNING (gmm-est:MleDiagGmmUpdate():mle-diag-gmm.cc:365) Gaussian has too little data but not removing it because it is the last Gaussian: i = 0, occ = 9, weight = 1
WARNING (gmm-est:MleDiagGmmUpdate():mle-diag-gmm.cc:359) Too little data - removing Gaussian (weight 0.025732, occupation count 8.259892, vector size 40)
WARNING (gmm-est:MleDiagGmmUpdate():mle-diag-gmm.cc:359) Too little data - removing Gaussian (weight 0.036417, occupation count 9.832576, vector size 40)
WARNING (gmm-est:MleDiagGmmUpdate():mle-diag-gmm.cc:359) Too little data - removing Gaussian (weight 0.031716, occupation count 9.736777, vector size 40)
WARNING (gmm-est:MleDiagGmmUpdate():mle-diag-gmm.cc:359) Too little data - removing Gaussian (weight 0.021284, occupation count 9.875941, vector size 40)
WARNING (gmm-est:MleDiagGmmUpdate():mle-diag-gmm.cc:365) Gaussian has too little data but not removing it because it is the last Gaussian: i = 0, occ = 10, weight = 1
WARNING (gmm-est:MleDiagGmmUpdate():mle-diag-gmm.cc:359) Too little data - removing Gaussian (weight 0.035371, occupation count 9.833069, vector size 40)
WARNING (gmm-est:MleDiagGmmUpdate():mle-diag-gmm.cc:365) Gaussian has too little data but not removing it because it is the last Gaussian: i = 0, occ = 10, weight = 1
WARNING (gmm-est:MleDiagGmmUpdate():mle-diag-gmm.cc:365) Gaussian has too little data but not removing it because it is the last Gaussian: i = 0, occ = 8, weight = 1
LOG (gmm-est:MleAmDiagGmmUpdate():mle-am-diag-gmm.cc:225) 2 variance elements floored in 2 Gaussians, out of 12538
LOG (gmm-est:MleAmDiagGmmUpdate():mle-am-diag-gmm.cc:229) Removed 16 Gaussians due to counts < --min-gaussian-occupancy=10 and --remove-low-count-gaussians=true
LOG (gmm-est:main():gmm-est.cc:113) GMM update: Overall 0.136232 objective function improvement per frame over 311094 frames
LOG (gmm-est:main():gmm-est.cc:116) GMM update: Overall avg like per frame = -45.2449 over 311094 frames.
LOG (gmm-est:SplitByCount():am-diag-gmm.cc:116) Split 1200 states with target = 13000, power = 0.2, perturb_factor = 0.01 and min_count = 20, split #Gauss from 12538 to 13053
LOG (gmm-est:main():gmm-est.cc:146) Written model to exp/tri3b/23.mdl
# Accounting: time=3 threads=1
# Ended (code 0) at Thu Aug 18 15:43:47 EDT 2016, elapsed time 3 seconds
