# gmm-est --power=0.2 --write-occs=exp/tri3b/21.occs --mix-up=12000 exp/tri3b/20.mdl "gmm-sum-accs - exp/tri3b/20.*.acc |" exp/tri3b/21.mdl 
# Started at Thu Aug 18 15:43:28 EDT 2016
#
gmm-est --power=0.2 --write-occs=exp/tri3b/21.occs --mix-up=12000 exp/tri3b/20.mdl 'gmm-sum-accs - exp/tri3b/20.*.acc |' exp/tri3b/21.mdl 
gmm-sum-accs - exp/tri3b/20.1.acc exp/tri3b/20.10.acc exp/tri3b/20.11.acc exp/tri3b/20.12.acc exp/tri3b/20.13.acc exp/tri3b/20.14.acc exp/tri3b/20.15.acc exp/tri3b/20.16.acc exp/tri3b/20.17.acc exp/tri3b/20.18.acc exp/tri3b/20.19.acc exp/tri3b/20.2.acc exp/tri3b/20.20.acc exp/tri3b/20.3.acc exp/tri3b/20.4.acc exp/tri3b/20.5.acc exp/tri3b/20.6.acc exp/tri3b/20.7.acc exp/tri3b/20.8.acc exp/tri3b/20.9.acc 
LOG (gmm-sum-accs:main():gmm-sum-accs.cc:63) Summed 20 stats, total count 311094, avg like/frame -45.7556
LOG (gmm-sum-accs:main():gmm-sum-accs.cc:66) Total count of stats is 311094
LOG (gmm-sum-accs:main():gmm-sum-accs.cc:67) Written stats to -
LOG (gmm-est:MleUpdate():transition-model.cc:393) TransitionModel::Update, objf change is 0.000283971 per frame over 311094 frames. 
LOG (gmm-est:MleUpdate():transition-model.cc:396) 179 probabilities floored, 8910 out of 11768 transition-states skipped due to insuffient data (it is normal to have some skipped.)
LOG (gmm-est:main():gmm-est.cc:102) Transition model update: Overall 0.000283971 log-like improvement per frame over 311094 frames.
WARNING (gmm-est:MleDiagGmmUpdate():mle-diag-gmm.cc:359) Too little data - removing Gaussian (weight 0.026234, occupation count 8.001491, vector size 40)
WARNING (gmm-est:MleDiagGmmUpdate():mle-diag-gmm.cc:359) Too little data - removing Gaussian (weight 0.025195, occupation count 6.097198, vector size 40)
WARNING (gmm-est:MleDiagGmmUpdate():mle-diag-gmm.cc:359) Too little data - removing Gaussian (weight 0.039483, occupation count 9.554974, vector size 40)
WARNING (gmm-est:MleDiagGmmUpdate():mle-diag-gmm.cc:359) Too little data - removing Gaussian (weight 0.049500, occupation count 9.998939, vector size 40)
WARNING (gmm-est:MleDiagGmmUpdate():mle-diag-gmm.cc:365) Gaussian has too little data but not removing it because it is the last Gaussian: i = 0, occ = 10, weight = 1
WARNING (gmm-est:MleDiagGmmUpdate():mle-diag-gmm.cc:359) Too little data - removing Gaussian (weight 0.060235, occupation count 9.999036, vector size 40)
WARNING (gmm-est:MleDiagGmmUpdate():mle-diag-gmm.cc:365) Gaussian has too little data but not removing it because it is the last Gaussian: i = 0, occ = 8, weight = 1
WARNING (gmm-est:MleDiagGmmUpdate():mle-diag-gmm.cc:365) Gaussian has too little data but not removing it because it is the last Gaussian: i = 0, occ = 8, weight = 1
WARNING (gmm-est:MleDiagGmmUpdate():mle-diag-gmm.cc:359) Too little data - removing Gaussian (weight 0.031847, occupation count 8.948990, vector size 40)
WARNING (gmm-est:MleDiagGmmUpdate():mle-diag-gmm.cc:359) Too little data - removing Gaussian (weight 0.025481, occupation count 8.459606, vector size 40)
WARNING (gmm-est:MleDiagGmmUpdate():mle-diag-gmm.cc:365) Gaussian has too little data but not removing it because it is the last Gaussian: i = 0, occ = 3, weight = 1
WARNING (gmm-est:MleDiagGmmUpdate():mle-diag-gmm.cc:359) Too little data - removing Gaussian (weight 0.043698, occupation count 9.569770, vector size 40)
WARNING (gmm-est:MleDiagGmmUpdate():mle-diag-gmm.cc:359) Too little data - removing Gaussian (weight 0.047786, occupation count 9.557150, vector size 40)
WARNING (gmm-est:MleDiagGmmUpdate():mle-diag-gmm.cc:365) Gaussian has too little data but not removing it because it is the last Gaussian: i = 0, occ = 1, weight = 1
WARNING (gmm-est:MleDiagGmmUpdate():mle-diag-gmm.cc:359) Too little data - removing Gaussian (weight 0.051152, occupation count 9.002813, vector size 40)
WARNING (gmm-est:MleDiagGmmUpdate():mle-diag-gmm.cc:359) Too little data - removing Gaussian (weight 0.041490, occupation count 9.999048, vector size 40)
WARNING (gmm-est:MleDiagGmmUpdate():mle-diag-gmm.cc:359) Too little data - removing Gaussian (weight 0.039125, occupation count 8.998718, vector size 40)
WARNING (gmm-est:MleDiagGmmUpdate():mle-diag-gmm.cc:359) Too little data - removing Gaussian (weight 0.053179, occupation count 9.997646, vector size 40)
WARNING (gmm-est:MleDiagGmmUpdate():mle-diag-gmm.cc:359) Too little data - removing Gaussian (weight 0.000000, occupation count 0.000000, vector size 40)
WARNING (gmm-est:MleDiagGmmUpdate():mle-diag-gmm.cc:359) Too little data - removing Gaussian (weight 0.059570, occupation count 9.948189, vector size 40)
WARNING (gmm-est:MleDiagGmmUpdate():mle-diag-gmm.cc:359) Too little data - removing Gaussian (weight 0.031030, occupation count 8.067852, vector size 40)
WARNING (gmm-est:MleDiagGmmUpdate():mle-diag-gmm.cc:359) Too little data - removing Gaussian (weight 0.091733, occupation count 9.998871, vector size 40)
WARNING (gmm-est:MleDiagGmmUpdate():mle-diag-gmm.cc:365) Gaussian has too little data but not removing it because it is the last Gaussian: i = 0, occ = 9, weight = 1
WARNING (gmm-est:MleDiagGmmUpdate():mle-diag-gmm.cc:359) Too little data - removing Gaussian (weight 0.038276, occupation count 9.339355, vector size 40)
WARNING (gmm-est:MleDiagGmmUpdate():mle-diag-gmm.cc:365) Gaussian has too little data but not removing it because it is the last Gaussian: i = 0, occ = 9, weight = 1
WARNING (gmm-est:MleDiagGmmUpdate():mle-diag-gmm.cc:359) Too little data - removing Gaussian (weight 0.041098, occupation count 9.000552, vector size 40)
WARNING (gmm-est:MleDiagGmmUpdate():mle-diag-gmm.cc:365) Gaussian has too little data but not removing it because it is the last Gaussian: i = 0, occ = 10, weight = 1
WARNING (gmm-est:MleDiagGmmUpdate():mle-diag-gmm.cc:365) Gaussian has too little data but not removing it because it is the last Gaussian: i = 0, occ = 10, weight = 1
WARNING (gmm-est:MleDiagGmmUpdate():mle-diag-gmm.cc:365) Gaussian has too little data but not removing it because it is the last Gaussian: i = 0, occ = 8, weight = 1
WARNING (gmm-est:MleDiagGmmUpdate():mle-diag-gmm.cc:359) Too little data - removing Gaussian (weight 0.044444, occupation count 10.000000, vector size 40)
LOG (gmm-est:MleAmDiagGmmUpdate():mle-am-diag-gmm.cc:225) 2 variance elements floored in 2 Gaussians, out of 11491
LOG (gmm-est:MleAmDiagGmmUpdate():mle-am-diag-gmm.cc:229) Removed 20 Gaussians due to counts < --min-gaussian-occupancy=10 and --remove-low-count-gaussians=true
LOG (gmm-est:main():gmm-est.cc:113) GMM update: Overall 0.213467 objective function improvement per frame over 311094 frames
LOG (gmm-est:main():gmm-est.cc:116) GMM update: Overall avg like per frame = -45.7556 over 311094 frames.
LOG (gmm-est:SplitByCount():am-diag-gmm.cc:116) Split 1200 states with target = 12000, power = 0.2, perturb_factor = 0.01 and min_count = 20, split #Gauss from 11491 to 12056
LOG (gmm-est:main():gmm-est.cc:146) Written model to exp/tri3b/21.mdl
# Accounting: time=3 threads=1
# Ended (code 0) at Thu Aug 18 15:43:31 EDT 2016, elapsed time 3 seconds
