# gmm-est --power=0.2 --write-occs=exp/tri3b/35.occs --mix-up=15000 exp/tri3b/34.mdl "gmm-sum-accs - exp/tri3b/34.*.acc |" exp/tri3b/35.mdl 
# Started at Thu Aug 18 15:45:40 EDT 2016
#
gmm-est --power=0.2 --write-occs=exp/tri3b/35.occs --mix-up=15000 exp/tri3b/34.mdl 'gmm-sum-accs - exp/tri3b/34.*.acc |' exp/tri3b/35.mdl 
gmm-sum-accs - exp/tri3b/34.1.acc exp/tri3b/34.10.acc exp/tri3b/34.11.acc exp/tri3b/34.12.acc exp/tri3b/34.13.acc exp/tri3b/34.14.acc exp/tri3b/34.15.acc exp/tri3b/34.16.acc exp/tri3b/34.17.acc exp/tri3b/34.18.acc exp/tri3b/34.19.acc exp/tri3b/34.2.acc exp/tri3b/34.20.acc exp/tri3b/34.3.acc exp/tri3b/34.4.acc exp/tri3b/34.5.acc exp/tri3b/34.6.acc exp/tri3b/34.7.acc exp/tri3b/34.8.acc exp/tri3b/34.9.acc 
LOG (gmm-sum-accs:main():gmm-sum-accs.cc:63) Summed 20 stats, total count 311094, avg like/frame -43.3639
LOG (gmm-sum-accs:main():gmm-sum-accs.cc:66) Total count of stats is 311094
LOG (gmm-sum-accs:main():gmm-sum-accs.cc:67) Written stats to -
LOG (gmm-est:MleUpdate():transition-model.cc:393) TransitionModel::Update, objf change is 2.46833e-10 per frame over 311094 frames. 
LOG (gmm-est:MleUpdate():transition-model.cc:396) 179 probabilities floored, 8907 out of 11768 transition-states skipped due to insuffient data (it is normal to have some skipped.)
LOG (gmm-est:main():gmm-est.cc:102) Transition model update: Overall 2.46833e-10 log-like improvement per frame over 311094 frames.
WARNING (gmm-est:MleDiagGmmUpdate():mle-diag-gmm.cc:359) Too little data - removing Gaussian (weight 0.001237, occupation count 9.913377, vector size 40)
WARNING (gmm-est:MleDiagGmmUpdate():mle-diag-gmm.cc:359) Too little data - removing Gaussian (weight 0.001139, occupation count 9.127576, vector size 40)
WARNING (gmm-est:MleDiagGmmUpdate():mle-diag-gmm.cc:359) Too little data - removing Gaussian (weight 0.000943, occupation count 9.966706, vector size 40)
WARNING (gmm-est:MleDiagGmmUpdate():mle-diag-gmm.cc:359) Too little data - removing Gaussian (weight 0.000832, occupation count 8.798443, vector size 40)
WARNING (gmm-est:MleDiagGmmUpdate():mle-diag-gmm.cc:359) Too little data - removing Gaussian (weight 0.000921, occupation count 9.736978, vector size 40)
WARNING (gmm-est:MleDiagGmmUpdate():mle-diag-gmm.cc:359) Too little data - removing Gaussian (weight 0.009030, occupation count 9.987164, vector size 40)
WARNING (gmm-est:MleDiagGmmUpdate():mle-diag-gmm.cc:359) Too little data - removing Gaussian (weight 0.012220, occupation count 9.751915, vector size 40)
WARNING (gmm-est:MleDiagGmmUpdate():mle-diag-gmm.cc:365) Gaussian has too little data but not removing it because it is the last Gaussian: i = 0, occ = 10, weight = 1
WARNING (gmm-est:MleDiagGmmUpdate():mle-diag-gmm.cc:365) Gaussian has too little data but not removing it because it is the last Gaussian: i = 0, occ = 8, weight = 1
WARNING (gmm-est:MleDiagGmmUpdate():mle-diag-gmm.cc:359) Too little data - removing Gaussian (weight 0.000961, occupation count 9.482125, vector size 40)
WARNING (gmm-est:MleDiagGmmUpdate():mle-diag-gmm.cc:359) Too little data - removing Gaussian (weight 0.001014, occupation count 10.000000, vector size 40)
WARNING (gmm-est:MleDiagGmmUpdate():mle-diag-gmm.cc:359) Too little data - removing Gaussian (weight 0.001004, occupation count 9.897075, vector size 40)
WARNING (gmm-est:MleDiagGmmUpdate():mle-diag-gmm.cc:365) Gaussian has too little data but not removing it because it is the last Gaussian: i = 0, occ = 8, weight = 1
WARNING (gmm-est:MleDiagGmmUpdate():mle-diag-gmm.cc:365) Gaussian has too little data but not removing it because it is the last Gaussian: i = 0, occ = 3, weight = 1
WARNING (gmm-est:MleDiagGmmUpdate():mle-diag-gmm.cc:359) Too little data - removing Gaussian (weight 0.069175, occupation count 6.364088, vector size 40)
WARNING (gmm-est:MleDiagGmmUpdate():mle-diag-gmm.cc:365) Gaussian has too little data but not removing it because it is the last Gaussian: i = 0, occ = 1, weight = 1
WARNING (gmm-est:MleDiagGmmUpdate():mle-diag-gmm.cc:359) Too little data - removing Gaussian (weight 0.024027, occupation count 9.995292, vector size 40)
WARNING (gmm-est:MleDiagGmmUpdate():mle-diag-gmm.cc:359) Too little data - removing Gaussian (weight 0.026423, occupation count 9.432978, vector size 40)
WARNING (gmm-est:MleDiagGmmUpdate():mle-diag-gmm.cc:359) Too little data - removing Gaussian (weight 0.032496, occupation count 9.976303, vector size 40)
WARNING (gmm-est:MleDiagGmmUpdate():mle-diag-gmm.cc:365) Gaussian has too little data but not removing it because it is the last Gaussian: i = 0, occ = 9, weight = 1
WARNING (gmm-est:MleDiagGmmUpdate():mle-diag-gmm.cc:365) Gaussian has too little data but not removing it because it is the last Gaussian: i = 0, occ = 9, weight = 1
WARNING (gmm-est:MleDiagGmmUpdate():mle-diag-gmm.cc:359) Too little data - removing Gaussian (weight 0.049746, occupation count 9.998954, vector size 40)
WARNING (gmm-est:MleDiagGmmUpdate():mle-diag-gmm.cc:365) Gaussian has too little data but not removing it because it is the last Gaussian: i = 0, occ = 10, weight = 1
WARNING (gmm-est:MleDiagGmmUpdate():mle-diag-gmm.cc:365) Gaussian has too little data but not removing it because it is the last Gaussian: i = 0, occ = 10, weight = 1
WARNING (gmm-est:MleDiagGmmUpdate():mle-diag-gmm.cc:365) Gaussian has too little data but not removing it because it is the last Gaussian: i = 0, occ = 8, weight = 1
LOG (gmm-est:MleAmDiagGmmUpdate():mle-am-diag-gmm.cc:225) 2 variance elements floored in 2 Gaussians, out of 15033
LOG (gmm-est:MleAmDiagGmmUpdate():mle-am-diag-gmm.cc:229) Removed 15 Gaussians due to counts < --min-gaussian-occupancy=10 and --remove-low-count-gaussians=true
LOG (gmm-est:main():gmm-est.cc:113) GMM update: Overall 0.0227922 objective function improvement per frame over 311094 frames
LOG (gmm-est:main():gmm-est.cc:116) GMM update: Overall avg like per frame = -43.3639 over 311094 frames.
WARNING (gmm-est:GetSplitTargets():model-common.cc:134) Could not split up to 15000 due to min-count = 20 (or no counts at all)

LOG (gmm-est:SplitByCount():am-diag-gmm.cc:116) Split 1200 states with target = 15000, power = 0.2, perturb_factor = 0.01 and min_count = 20, split #Gauss from 15033 to 15048
LOG (gmm-est:main():gmm-est.cc:146) Written model to exp/tri3b/35.mdl
# Accounting: time=3 threads=1
# Ended (code 0) at Thu Aug 18 15:45:43 EDT 2016, elapsed time 3 seconds
