# compile-train-graphs exp/tri2b_ali_emma/tree exp/tri2b_ali_emma/final.mdl data/lang/L.fst "ark:utils/sym2int.pl --map-oov 86098 -f 2- data/lang/words.txt data/train/split20/1/text|" ark:- | gmm-align-compiled --transition-scale=1.0 --acoustic-scale=0.1 --self-loop-scale=0.1 --beam=10 --retry-beam=40 --careful=false "gmm-boost-silence --boost=1.0 1 exp/tri2b_ali_emma/final.mdl - |" ark:- "ark,s,cs:apply-cmvn  --utt2spk=ark:data/train/split20/1/utt2spk scp:data/train/split20/1/cmvn.scp scp:data/train/split20/1/feats.scp ark:- | splice-feats --left-context=3 --right-context=3 ark:- ark:- | transform-feats exp/tri2b/final.mat ark:- ark:- |" "ark,t:|gzip -c >exp/tri2b_ali_emma/ali.1.gz" 
# Started at Thu Aug 18 15:39:18 EDT 2016
#
compile-train-graphs exp/tri2b_ali_emma/tree exp/tri2b_ali_emma/final.mdl data/lang/L.fst 'ark:utils/sym2int.pl --map-oov 86098 -f 2- data/lang/words.txt data/train/split20/1/text|' ark:- 
gmm-align-compiled --transition-scale=1.0 --acoustic-scale=0.1 --self-loop-scale=0.1 --beam=10 --retry-beam=40 --careful=false 'gmm-boost-silence --boost=1.0 1 exp/tri2b_ali_emma/final.mdl - |' ark:- 'ark,s,cs:apply-cmvn  --utt2spk=ark:data/train/split20/1/utt2spk scp:data/train/split20/1/cmvn.scp scp:data/train/split20/1/feats.scp ark:- | splice-feats --left-context=3 --right-context=3 ark:- ark:- | transform-feats exp/tri2b/final.mat ark:- ark:- |' 'ark,t:|gzip -c >exp/tri2b_ali_emma/ali.1.gz' 
gmm-boost-silence --boost=1.0 1 exp/tri2b_ali_emma/final.mdl - 
LOG (gmm-boost-silence:main():gmm-boost-silence.cc:93) Boosted weights for 5 pdfs, by factor of 1
LOG (gmm-boost-silence:main():gmm-boost-silence.cc:103) Wrote model to -
apply-cmvn --utt2spk=ark:data/train/split20/1/utt2spk scp:data/train/split20/1/cmvn.scp scp:data/train/split20/1/feats.scp ark:- 
transform-feats exp/tri2b/final.mat ark:- ark:- 
splice-feats --left-context=3 --right-context=3 ark:- ark:- 
WARNING (gmm-align-compiled:AlignUtteranceWrapper():decoder-wrappers.cc:466) Retrying utterance ForcedAlignment_006 with beam 40
WARNING (gmm-align-compiled:AlignUtteranceWrapper():decoder-wrappers.cc:475) Did not successfully decode file ForcedAlignment_006, len = 131
LOG (apply-cmvn:main():apply-cmvn.cc:146) Applied cepstral mean normalization to 22 utterances, errors on 0
LOG (compile-train-graphs:main():compile-train-graphs.cc:151) compile-train-graphs: succeeded for 22 graphs, failed for 0
LOG (transform-feats:main():transform-feats.cc:158) Overall average [pseudo-]logdet is -91.0564 over 12666 frames.
LOG (transform-feats:main():transform-feats.cc:161) Applied transform to 22 utterances; 0 had errors.
LOG (gmm-align-compiled:main():gmm-align-compiled.cc:129) Overall log-likelihood per frame is -59.4246 over 12535 frames.
LOG (gmm-align-compiled:main():gmm-align-compiled.cc:131) Retried 1 out of 22 utterances.
LOG (gmm-align-compiled:main():gmm-align-compiled.cc:133) Done 21, errors on 1
# Accounting: time=12 threads=1
# Ended (code 0) at Thu Aug 18 15:39:30 EDT 2016, elapsed time 12 seconds
